Using pre-set license
Built from '2022.3/staging' branch; Version is '2022.3.21f1 (bf09ca542b87) revision 12519882'; Using compiler version '192829333'; Build Type 'Release'
OS: 'Windows 10  (10.0.19045) 64bit Core' Language: 'en' Physical Memory: 16305 MB
BatchMode: 1, IsHumanControllingUs: 0, StartBugReporterOnCrash: 0, Is64bit: 1, IsPro: 1

COMMAND LINE ARGUMENTS:
C:\Program Files\Unity\Hub\Editor\2022.3.21f1\Editor\Unity.exe
-adb2
-batchMode
-noUpm
-name
AssetImportWorker5
-projectPath
C:/Users/shiny/3D Game
-logFile
Logs/AssetImportWorker5.log
-srvPort
57991
Successfully changed project path to: C:/Users/shiny/3D Game
C:/Users/shiny/3D Game
[UnityMemory] Configuration Parameters - Can be set up in boot.config
    "memorysetup-bucket-allocator-granularity=16"
    "memorysetup-bucket-allocator-bucket-count=8"
    "memorysetup-bucket-allocator-block-size=33554432"
    "memorysetup-bucket-allocator-block-count=8"
    "memorysetup-main-allocator-block-size=16777216"
    "memorysetup-thread-allocator-block-size=16777216"
    "memorysetup-gfx-main-allocator-block-size=16777216"
    "memorysetup-gfx-thread-allocator-block-size=16777216"
    "memorysetup-cache-allocator-block-size=4194304"
    "memorysetup-typetree-allocator-block-size=2097152"
    "memorysetup-profiler-bucket-allocator-granularity=16"
    "memorysetup-profiler-bucket-allocator-bucket-count=8"
    "memorysetup-profiler-bucket-allocator-block-size=33554432"
    "memorysetup-profiler-bucket-allocator-block-count=8"
    "memorysetup-profiler-allocator-block-size=16777216"
    "memorysetup-profiler-editor-allocator-block-size=1048576"
    "memorysetup-temp-allocator-size-main=16777216"
    "memorysetup-job-temp-allocator-block-size=2097152"
    "memorysetup-job-temp-allocator-block-size-background=1048576"
    "memorysetup-job-temp-allocator-reduction-small-platforms=262144"
    "memorysetup-allocator-temp-initial-block-size-main=262144"
    "memorysetup-allocator-temp-initial-block-size-worker=262144"
    "memorysetup-temp-allocator-size-background-worker=32768"
    "memorysetup-temp-allocator-size-job-worker=262144"
    "memorysetup-temp-allocator-size-preload-manager=33554432"
    "memorysetup-temp-allocator-size-nav-mesh-worker=65536"
    "memorysetup-temp-allocator-size-audio-worker=65536"
    "memorysetup-temp-allocator-size-cloud-worker=32768"
    "memorysetup-temp-allocator-size-gi-baking-worker=262144"
    "memorysetup-temp-allocator-size-gfx=262144"
Player connection [29916] Host "[IP] 172.16.1.144 [Port] 0 [Flags] 2 [Guid] 548487279 [EditorId] 548487279 [Version] 1048832 [Id] WindowsEditor(7,DESKTOP-EPHL3LP) [Debug] 1 [PackageName] WindowsEditor [ProjectName] Editor" joined multi-casting on [225.0.0.222:54997]...

Player connection [29916] Host "[IP] 172.16.1.144 [Port] 0 [Flags] 2 [Guid] 548487279 [EditorId] 548487279 [Version] 1048832 [Id] WindowsEditor(7,DESKTOP-EPHL3LP) [Debug] 1 [PackageName] WindowsEditor [ProjectName] Editor" joined alternative multi-casting on [225.0.0.222:34997]...

[Physics::Module] Initialized MultithreadedJobDispatcher with 11 workers.
Refreshing native plugins compatible for Editor in 13.81 ms, found 6 plugins.
Preloading 0 native plugins for Editor in 0.00 ms.
Initialize engine version: 2022.3.21f1 (bf09ca542b87)
[Subsystems] Discovering subsystems at path C:/Program Files/Unity/Hub/Editor/2022.3.21f1/Editor/Data/Resources/UnitySubsystems
[Subsystems] Discovering subsystems at path C:/Users/shiny/3D Game/Assets
GfxDevice: creating device client; threaded=0; jobified=0
Direct3D:
    Version:  Direct3D 11.0 [level 11.1]
    Renderer: NVIDIA GeForce RTX 3060 Ti (ID=0x2489)
    Vendor:   NVIDIA
    VRAM:     8024 MB
    Driver:   31.0.15.5222
Initialize mono
Mono path[0] = 'C:/Program Files/Unity/Hub/Editor/2022.3.21f1/Editor/Data/Managed'
Mono path[1] = 'C:/Program Files/Unity/Hub/Editor/2022.3.21f1/Editor/Data/MonoBleedingEdge/lib/mono/unityjit-win32'
Mono config path = 'C:/Program Files/Unity/Hub/Editor/2022.3.21f1/Editor/Data/MonoBleedingEdge/etc'
Using monoOptions --debugger-agent=transport=dt_socket,embedding=1,server=y,suspend=n,address=127.0.0.1:56452
Begin MonoManager ReloadAssembly
Registering precompiled unity dll's ...
Register platform support module: C:/Program Files/Unity/Hub/Editor/2022.3.21f1/Editor/Data/PlaybackEngines/WebGLSupport/UnityEditor.WebGL.Extensions.dll
Register platform support module: C:/Program Files/Unity/Hub/Editor/2022.3.21f1/Editor/Data/PlaybackEngines/WindowsStandaloneSupport/UnityEditor.WindowsStandalone.Extensions.dll
Registered in 0.013664 seconds.
- Loaded All Assemblies, in  0.375 seconds
Native extension for WindowsStandalone target not found
Native extension for WebGL target not found
Mono: successfully reloaded assembly
- Finished resetting the current domain, in  0.272 seconds
Domain Reload Profiling: 644ms
	BeginReloadAssembly (112ms)
		ExecutionOrderSort (0ms)
		DisableScriptedObjects (0ms)
		BackupInstance (0ms)
		ReleaseScriptingObjects (0ms)
		CreateAndSetChildDomain (1ms)
	RebuildCommonClasses (35ms)
	RebuildNativeTypeToScriptingClass (11ms)
	initialDomainReloadingComplete (68ms)
	LoadAllAssembliesAndSetupDomain (146ms)
		LoadAssemblies (109ms)
		RebuildTransferFunctionScriptingTraits (0ms)
		AnalyzeDomain (144ms)
			TypeCache.Refresh (143ms)
				TypeCache.ScanAssembly (129ms)
			ScanForSourceGeneratedMonoScriptInfo (0ms)
			ResolveRequiredComponents (0ms)
	FinalizeReload (272ms)
		ReleaseScriptCaches (0ms)
		RebuildScriptCaches (0ms)
		SetupLoadedEditorAssemblies (213ms)
			LogAssemblyErrors (0ms)
			InitializePlatformSupportModulesInManaged (12ms)
			SetLoadedEditorAssemblies (5ms)
			RefreshPlugins (0ms)
			BeforeProcessingInitializeOnLoad (2ms)
			ProcessInitializeOnLoadAttributes (146ms)
			ProcessInitializeOnLoadMethodAttributes (48ms)
			AfterProcessingInitializeOnLoad (0ms)
			EditorAssembliesLoaded (0ms)
		ExecutionOrderSort2 (0ms)
		AwakeInstancesAfterBackupRestoration (0ms)
========================================================================
Worker process is ready to serve import requests
Begin MonoManager ReloadAssembly
- Loaded All Assemblies, in  0.661 seconds
Refreshing native plugins compatible for Editor in 5.61 ms, found 6 plugins.
Native extension for WindowsStandalone target not found
Native extension for WebGL target not found
Package Manager log level set to [2]
[Package Manager] Server::EnsureServerProcessIsRunning -- launch failed, reason: Unity was launched with the -noUpm command-line argument
[Package Manager] UpmClient::Send -- Unable to send message (not connected to UPM process).
[Package Manager] Cannot connect to Unity Package Manager local server
Mono: successfully reloaded assembly
- Finished resetting the current domain, in  0.776 seconds
Domain Reload Profiling: 1432ms
	BeginReloadAssembly (148ms)
		ExecutionOrderSort (0ms)
		DisableScriptedObjects (6ms)
		BackupInstance (0ms)
		ReleaseScriptingObjects (0ms)
		CreateAndSetChildDomain (19ms)
	RebuildCommonClasses (34ms)
	RebuildNativeTypeToScriptingClass (11ms)
	initialDomainReloadingComplete (49ms)
	LoadAllAssembliesAndSetupDomain (414ms)
		LoadAssemblies (314ms)
		RebuildTransferFunctionScriptingTraits (0ms)
		AnalyzeDomain (187ms)
			TypeCache.Refresh (164ms)
				TypeCache.ScanAssembly (149ms)
			ScanForSourceGeneratedMonoScriptInfo (17ms)
			ResolveRequiredComponents (6ms)
	FinalizeReload (777ms)
		ReleaseScriptCaches (0ms)
		RebuildScriptCaches (0ms)
		SetupLoadedEditorAssemblies (626ms)
			LogAssemblyErrors (0ms)
			InitializePlatformSupportModulesInManaged (10ms)
			SetLoadedEditorAssemblies (3ms)
			RefreshPlugins (0ms)
			BeforeProcessingInitializeOnLoad (71ms)
			ProcessInitializeOnLoadAttributes (509ms)
			ProcessInitializeOnLoadMethodAttributes (22ms)
			AfterProcessingInitializeOnLoad (11ms)
			EditorAssembliesLoaded (0ms)
		ExecutionOrderSort2 (0ms)
		AwakeInstancesAfterBackupRestoration (6ms)
Launched and connected shader compiler UnityShaderCompiler.exe after 0.04 seconds
Refreshing native plugins compatible for Editor in 5.53 ms, found 6 plugins.
Preloading 0 native plugins for Editor in 0.00 ms.
Unloading 3570 Unused Serialized files (Serialized files now loaded: 0)
Unloading 63 unused Assets / (1.9 MB). Loaded Objects now: 4019.
Memory consumption went from 148.7 MB to 146.8 MB.
Total: 3.600100 ms (FindLiveObjects: 0.381400 ms CreateObjectMapping: 0.271800 ms MarkObjects: 2.582200 ms  DeleteObjects: 0.363500 ms)

AssetImportParameters requested are different than current active one (requested -> active):
  custom:container-demuxer-ogg: 62fdf1f143b41e24485cea50d1cbac27 -> 
  custom:video-decoder-ogg-theora: a1e56fd34408186e4bbccfd4996cb3dc -> 
  custom:framework-win-MediaFoundation: 216162199b28c13a410421893ffa2e32 -> 
  custom:CustomObjectIndexerAttribute: 9a22284fe3817be447336de3de66b15e -> 
  custom:container-demuxer-webm: 4f35f7cbe854078d1ac9338744f61a02 -> 
  custom:container-muxer-webm: aa71ff27fc2769a1b78a27578f13a17b -> 
  custom:video-decoder-webm-vp8: 9c59270c3fd7afecdb556c50c9e8de78 -> 
  custom:SearchIndexIgnoredProperties: e643bd26f0fe6173181afceb89e7c659 -> 
  custom:AudioImporter_EditorPlatform: d09bf68614088b80899f8185d706f6e7 -> 
  custom:video-encoder-webm-vp8: eb34c28f22e8b96e1ab97ce403110664 -> 
  custom:audio-decoder-ogg-vorbis: bf7c407c2cedff20999df2af8eb42d56 -> 
  custom:audio-encoder-webm-vorbis: bf7c407c2cedff20999df2af8eb42d56 -> 
========================================================================
Received Prepare
Begin MonoManager ReloadAssembly
- Loaded All Assemblies, in  0.520 seconds
Refreshing native plugins compatible for Editor in 5.88 ms, found 6 plugins.
Native extension for WindowsStandalone target not found
Native extension for WebGL target not found
[Package Manager] Server::EnsureServerProcessIsRunning -- launch failed, reason: Unity was launched with the -noUpm command-line argument
[Package Manager] UpmClient::Send -- Unable to send message (not connected to UPM process).
[Package Manager] Cannot connect to Unity Package Manager local server
Mono: successfully reloaded assembly
- Finished resetting the current domain, in  1.388 seconds
Domain Reload Profiling: 1903ms
	BeginReloadAssembly (177ms)
		ExecutionOrderSort (0ms)
		DisableScriptedObjects (6ms)
		BackupInstance (0ms)
		ReleaseScriptingObjects (0ms)
		CreateAndSetChildDomain (36ms)
	RebuildCommonClasses (35ms)
	RebuildNativeTypeToScriptingClass (12ms)
	initialDomainReloadingComplete (34ms)
	LoadAllAssembliesAndSetupDomain (257ms)
		LoadAssemblies (341ms)
		RebuildTransferFunctionScriptingTraits (0ms)
		AnalyzeDomain (17ms)
			TypeCache.Refresh (9ms)
				TypeCache.ScanAssembly (0ms)
			ScanForSourceGeneratedMonoScriptInfo (0ms)
			ResolveRequiredComponents (7ms)
	FinalizeReload (1388ms)
		ReleaseScriptCaches (0ms)
		RebuildScriptCaches (0ms)
		SetupLoadedEditorAssemblies (713ms)
			LogAssemblyErrors (0ms)
			InitializePlatformSupportModulesInManaged (11ms)
			SetLoadedEditorAssemblies (4ms)
			RefreshPlugins (0ms)
			BeforeProcessingInitializeOnLoad (85ms)
			ProcessInitializeOnLoadAttributes (573ms)
			ProcessInitializeOnLoadMethodAttributes (27ms)
			AfterProcessingInitializeOnLoad (13ms)
			EditorAssembliesLoaded (0ms)
		ExecutionOrderSort2 (0ms)
		AwakeInstancesAfterBackupRestoration (8ms)
Refreshing native plugins compatible for Editor in 7.01 ms, found 6 plugins.
Preloading 0 native plugins for Editor in 0.00 ms.
Unloading 3526 Unused Serialized files (Serialized files now loaded: 0)
Unloading 42 unused Assets / (1.8 MB). Loaded Objects now: 4034.
Memory consumption went from 140.5 MB to 138.7 MB.
Total: 3.930800 ms (FindLiveObjects: 0.339600 ms CreateObjectMapping: 0.354100 ms MarkObjects: 2.881900 ms  DeleteObjects: 0.354200 ms)

Prepare: number of updated asset objects reloaded= 0
AssetImportParameters requested are different than current active one (requested -> active):
  custom:container-demuxer-ogg: 62fdf1f143b41e24485cea50d1cbac27 -> 
  custom:video-decoder-ogg-theora: a1e56fd34408186e4bbccfd4996cb3dc -> 
  custom:framework-win-MediaFoundation: 216162199b28c13a410421893ffa2e32 -> 
  custom:CustomObjectIndexerAttribute: 9a22284fe3817be447336de3de66b15e -> 
  custom:container-demuxer-webm: 4f35f7cbe854078d1ac9338744f61a02 -> 
  custom:container-muxer-webm: aa71ff27fc2769a1b78a27578f13a17b -> 
  custom:video-decoder-webm-vp8: 9c59270c3fd7afecdb556c50c9e8de78 -> 
  custom:SearchIndexIgnoredProperties: e643bd26f0fe6173181afceb89e7c659 -> 
  custom:AudioImporter_EditorPlatform: d09bf68614088b80899f8185d706f6e7 -> 
  custom:video-encoder-webm-vp8: eb34c28f22e8b96e1ab97ce403110664 -> 
  custom:audio-decoder-ogg-vorbis: bf7c407c2cedff20999df2af8eb42d56 -> 
  custom:audio-encoder-webm-vorbis: bf7c407c2cedff20999df2af8eb42d56 -> 
========================================================================
Received Prepare
Begin MonoManager ReloadAssembly
- Loaded All Assemblies, in  0.588 seconds
Refreshing native plugins compatible for Editor in 5.70 ms, found 6 plugins.
Native extension for WindowsStandalone target not found
Native extension for WebGL target not found
[Package Manager] Server::EnsureServerProcessIsRunning -- launch failed, reason: Unity was launched with the -noUpm command-line argument
[Package Manager] UpmClient::Send -- Unable to send message (not connected to UPM process).
[Package Manager] Cannot connect to Unity Package Manager local server
Mono: successfully reloaded assembly
- Finished resetting the current domain, in  1.285 seconds
Domain Reload Profiling: 1868ms
	BeginReloadAssembly (195ms)
		ExecutionOrderSort (0ms)
		DisableScriptedObjects (6ms)
		BackupInstance (0ms)
		ReleaseScriptingObjects (0ms)
		CreateAndSetChildDomain (47ms)
	RebuildCommonClasses (35ms)
	RebuildNativeTypeToScriptingClass (12ms)
	initialDomainReloadingComplete (37ms)
	LoadAllAssembliesAndSetupDomain (304ms)
		LoadAssemblies (385ms)
		RebuildTransferFunctionScriptingTraits (0ms)
		AnalyzeDomain (26ms)
			TypeCache.Refresh (9ms)
				TypeCache.ScanAssembly (0ms)
			ScanForSourceGeneratedMonoScriptInfo (10ms)
			ResolveRequiredComponents (6ms)
	FinalizeReload (1285ms)
		ReleaseScriptCaches (0ms)
		RebuildScriptCaches (0ms)
		SetupLoadedEditorAssemblies (618ms)
			LogAssemblyErrors (0ms)
			InitializePlatformSupportModulesInManaged (9ms)
			SetLoadedEditorAssemblies (3ms)
			RefreshPlugins (0ms)
			BeforeProcessingInitializeOnLoad (73ms)
			ProcessInitializeOnLoadAttributes (497ms)
			ProcessInitializeOnLoadMethodAttributes (23ms)
			AfterProcessingInitializeOnLoad (11ms)
			EditorAssembliesLoaded (0ms)
		ExecutionOrderSort2 (0ms)
		AwakeInstancesAfterBackupRestoration (6ms)
Refreshing native plugins compatible for Editor in 6.28 ms, found 6 plugins.
Preloading 0 native plugins for Editor in 0.00 ms.
Unloading 3527 Unused Serialized files (Serialized files now loaded: 0)
Unloading 42 unused Assets / (1.8 MB). Loaded Objects now: 4050.
Memory consumption went from 142.5 MB to 140.7 MB.
Total: 4.520600 ms (FindLiveObjects: 0.329400 ms CreateObjectMapping: 0.338300 ms MarkObjects: 3.476400 ms  DeleteObjects: 0.375400 ms)

Prepare: number of updated asset objects reloaded= 0
AssetImportParameters requested are different than current active one (requested -> active):
  custom:container-demuxer-ogg: 62fdf1f143b41e24485cea50d1cbac27 -> 
  custom:video-decoder-ogg-theora: a1e56fd34408186e4bbccfd4996cb3dc -> 
  custom:framework-win-MediaFoundation: 216162199b28c13a410421893ffa2e32 -> 
  custom:CustomObjectIndexerAttribute: 9a22284fe3817be447336de3de66b15e -> 
  custom:container-demuxer-webm: 4f35f7cbe854078d1ac9338744f61a02 -> 
  custom:container-muxer-webm: aa71ff27fc2769a1b78a27578f13a17b -> 
  custom:video-decoder-webm-vp8: 9c59270c3fd7afecdb556c50c9e8de78 -> 
  custom:SearchIndexIgnoredProperties: e643bd26f0fe6173181afceb89e7c659 -> 
  custom:AudioImporter_EditorPlatform: d09bf68614088b80899f8185d706f6e7 -> 
  custom:video-encoder-webm-vp8: eb34c28f22e8b96e1ab97ce403110664 -> 
  custom:audio-decoder-ogg-vorbis: bf7c407c2cedff20999df2af8eb42d56 -> 
  custom:audio-encoder-webm-vorbis: bf7c407c2cedff20999df2af8eb42d56 -> 
========================================================================
Received Import Request.
  Time since last request: 1884252.430127 seconds.
  path: Assets/Projectile1.cs
  artifactKey: Guid(4c9a15ab37601b648ae9b68089705227) Importer(815301076,1909f56bfc062723c751e8b465ee728b)
Start importing Assets/Projectile1.cs using Guid(4c9a15ab37601b648ae9b68089705227) Importer(815301076,1909f56bfc062723c751e8b465ee728b)  -> (artifact id: '2338cf101a6cdfc996868da6f7a822d5') in 0.002159 seconds
Number of updated asset objects reloaded before import = 0
Number of asset objects unloaded after import = 0
========================================================================
Received Prepare
Begin MonoManager ReloadAssembly
- Loaded All Assemblies, in  0.543 seconds
Refreshing native plugins compatible for Editor in 6.97 ms, found 6 plugins.
Native extension for WindowsStandalone target not found
Native extension for WebGL target not found
[Package Manager] Server::EnsureServerProcessIsRunning -- launch failed, reason: Unity was launched with the -noUpm command-line argument
[Package Manager] UpmClient::Send -- Unable to send message (not connected to UPM process).
[Package Manager] Cannot connect to Unity Package Manager local server
Mono: successfully reloaded assembly
- Finished resetting the current domain, in  1.298 seconds
Domain Reload Profiling: 1835ms
	BeginReloadAssembly (177ms)
		ExecutionOrderSort (0ms)
		DisableScriptedObjects (5ms)
		BackupInstance (0ms)
		ReleaseScriptingObjects (0ms)
		CreateAndSetChildDomain (42ms)
	RebuildCommonClasses (38ms)
	RebuildNativeTypeToScriptingClass (12ms)
	initialDomainReloadingComplete (38ms)
	LoadAllAssembliesAndSetupDomain (272ms)
		LoadAssemblies (340ms)
		RebuildTransferFunctionScriptingTraits (0ms)
		AnalyzeDomain (28ms)
			TypeCache.Refresh (10ms)
				TypeCache.ScanAssembly (0ms)
			ScanForSourceGeneratedMonoScriptInfo (9ms)
			ResolveRequiredComponents (7ms)
	FinalizeReload (1299ms)
		ReleaseScriptCaches (0ms)
		RebuildScriptCaches (0ms)
		SetupLoadedEditorAssemblies (675ms)
			LogAssemblyErrors (0ms)
			InitializePlatformSupportModulesInManaged (13ms)
			SetLoadedEditorAssemblies (4ms)
			RefreshPlugins (0ms)
			BeforeProcessingInitializeOnLoad (76ms)
			ProcessInitializeOnLoadAttributes (545ms)
			ProcessInitializeOnLoadMethodAttributes (25ms)
			AfterProcessingInitializeOnLoad (11ms)
			EditorAssembliesLoaded (0ms)
		ExecutionOrderSort2 (0ms)
		AwakeInstancesAfterBackupRestoration (7ms)
Refreshing native plugins compatible for Editor in 5.95 ms, found 6 plugins.
Preloading 0 native plugins for Editor in 0.00 ms.
Unloading 3526 Unused Serialized files (Serialized files now loaded: 0)
Unloading 42 unused Assets / (1.8 MB). Loaded Objects now: 4065.
Memory consumption went from 144.2 MB to 142.3 MB.
Total: 3.784400 ms (FindLiveObjects: 0.327700 ms CreateObjectMapping: 0.315400 ms MarkObjects: 2.784900 ms  DeleteObjects: 0.355400 ms)

Prepare: number of updated asset objects reloaded= 0
AssetImportParameters requested are different than current active one (requested -> active):
  custom:container-demuxer-ogg: 62fdf1f143b41e24485cea50d1cbac27 -> 
  custom:video-decoder-ogg-theora: a1e56fd34408186e4bbccfd4996cb3dc -> 
  custom:framework-win-MediaFoundation: 216162199b28c13a410421893ffa2e32 -> 
  custom:CustomObjectIndexerAttribute: 9a22284fe3817be447336de3de66b15e -> 
  custom:container-demuxer-webm: 4f35f7cbe854078d1ac9338744f61a02 -> 
  custom:container-muxer-webm: aa71ff27fc2769a1b78a27578f13a17b -> 
  custom:video-decoder-webm-vp8: 9c59270c3fd7afecdb556c50c9e8de78 -> 
  custom:SearchIndexIgnoredProperties: e643bd26f0fe6173181afceb89e7c659 -> 
  custom:AudioImporter_EditorPlatform: d09bf68614088b80899f8185d706f6e7 -> 
  custom:video-encoder-webm-vp8: eb34c28f22e8b96e1ab97ce403110664 -> 
  custom:audio-decoder-ogg-vorbis: bf7c407c2cedff20999df2af8eb42d56 -> 
  custom:audio-encoder-webm-vorbis: bf7c407c2cedff20999df2af8eb42d56 -> 
========================================================================
Received Prepare
Begin MonoManager ReloadAssembly
- Loaded All Assemblies, in  0.511 seconds
Refreshing native plugins compatible for Editor in 5.60 ms, found 6 plugins.
Native extension for WindowsStandalone target not found
Native extension for WebGL target not found
[Package Manager] Server::EnsureServerProcessIsRunning -- launch failed, reason: Unity was launched with the -noUpm command-line argument
[Package Manager] UpmClient::Send -- Unable to send message (not connected to UPM process).
[Package Manager] Cannot connect to Unity Package Manager local server
Mono: successfully reloaded assembly
- Finished resetting the current domain, in  1.259 seconds
Domain Reload Profiling: 1766ms
	BeginReloadAssembly (172ms)
		ExecutionOrderSort (0ms)
		DisableScriptedObjects (6ms)
		BackupInstance (0ms)
		ReleaseScriptingObjects (0ms)
		CreateAndSetChildDomain (36ms)
	RebuildCommonClasses (33ms)
	RebuildNativeTypeToScriptingClass (11ms)
	initialDomainReloadingComplete (34ms)
	LoadAllAssembliesAndSetupDomain (255ms)
		LoadAssemblies (334ms)
		RebuildTransferFunctionScriptingTraits (0ms)
		AnalyzeDomain (13ms)
			TypeCache.Refresh (6ms)
				TypeCache.ScanAssembly (0ms)
			ScanForSourceGeneratedMonoScriptInfo (0ms)
			ResolveRequiredComponents (6ms)
	FinalizeReload (1260ms)
		ReleaseScriptCaches (0ms)
		RebuildScriptCaches (0ms)
		SetupLoadedEditorAssemblies (653ms)
			LogAssemblyErrors (0ms)
			InitializePlatformSupportModulesInManaged (12ms)
			SetLoadedEditorAssemblies (3ms)
			RefreshPlugins (0ms)
			BeforeProcessingInitializeOnLoad (70ms)
			ProcessInitializeOnLoadAttributes (529ms)
			ProcessInitializeOnLoadMethodAttributes (27ms)
			AfterProcessingInitializeOnLoad (11ms)
			EditorAssembliesLoaded (0ms)
		ExecutionOrderSort2 (0ms)
		AwakeInstancesAfterBackupRestoration (6ms)
Refreshing native plugins compatible for Editor in 7.12 ms, found 6 plugins.
Preloading 0 native plugins for Editor in 0.00 ms.
Unloading 3527 Unused Serialized files (Serialized files now loaded: 0)
Unloading 42 unused Assets / (1.8 MB). Loaded Objects now: 4080.
Memory consumption went from 146.4 MB to 144.5 MB.
Total: 3.892100 ms (FindLiveObjects: 0.323700 ms CreateObjectMapping: 0.306600 ms MarkObjects: 2.922400 ms  DeleteObjects: 0.338300 ms)

Prepare: number of updated asset objects reloaded= 0
AssetImportParameters requested are different than current active one (requested -> active):
  custom:container-demuxer-ogg: 62fdf1f143b41e24485cea50d1cbac27 -> 
  custom:video-decoder-ogg-theora: a1e56fd34408186e4bbccfd4996cb3dc -> 
  custom:framework-win-MediaFoundation: 216162199b28c13a410421893ffa2e32 -> 
  custom:CustomObjectIndexerAttribute: 9a22284fe3817be447336de3de66b15e -> 
  custom:container-demuxer-webm: 4f35f7cbe854078d1ac9338744f61a02 -> 
  custom:container-muxer-webm: aa71ff27fc2769a1b78a27578f13a17b -> 
  custom:video-decoder-webm-vp8: 9c59270c3fd7afecdb556c50c9e8de78 -> 
  custom:SearchIndexIgnoredProperties: e643bd26f0fe6173181afceb89e7c659 -> 
  custom:AudioImporter_EditorPlatform: d09bf68614088b80899f8185d706f6e7 -> 
  custom:video-encoder-webm-vp8: eb34c28f22e8b96e1ab97ce403110664 -> 
  custom:audio-decoder-ogg-vorbis: bf7c407c2cedff20999df2af8eb42d56 -> 
  custom:audio-encoder-webm-vorbis: bf7c407c2cedff20999df2af8eb42d56 -> 
========================================================================
Received Prepare
Begin MonoManager ReloadAssembly
- Loaded All Assemblies, in  0.506 seconds
Refreshing native plugins compatible for Editor in 5.71 ms, found 6 plugins.
Native extension for WindowsStandalone target not found
Native extension for WebGL target not found
[Package Manager] Server::EnsureServerProcessIsRunning -- launch failed, reason: Unity was launched with the -noUpm command-line argument
[Package Manager] UpmClient::Send -- Unable to send message (not connected to UPM process).
[Package Manager] Cannot connect to Unity Package Manager local server
Mono: successfully reloaded assembly
- Finished resetting the current domain, in  1.253 seconds
Domain Reload Profiling: 1754ms
	BeginReloadAssembly (177ms)
		ExecutionOrderSort (0ms)
		DisableScriptedObjects (5ms)
		BackupInstance (0ms)
		ReleaseScriptingObjects (0ms)
		CreateAndSetChildDomain (35ms)
	RebuildCommonClasses (33ms)
	RebuildNativeTypeToScriptingClass (11ms)
	initialDomainReloadingComplete (34ms)
	LoadAllAssembliesAndSetupDomain (244ms)
		LoadAssemblies (328ms)
		RebuildTransferFunctionScriptingTraits (0ms)
		AnalyzeDomain (15ms)
			TypeCache.Refresh (7ms)
				TypeCache.ScanAssembly (0ms)
			ScanForSourceGeneratedMonoScriptInfo (0ms)
			ResolveRequiredComponents (6ms)
	FinalizeReload (1253ms)
		ReleaseScriptCaches (0ms)
		RebuildScriptCaches (0ms)
		SetupLoadedEditorAssemblies (652ms)
			LogAssemblyErrors (0ms)
			InitializePlatformSupportModulesInManaged (11ms)
			SetLoadedEditorAssemblies (4ms)
			RefreshPlugins (0ms)
			BeforeProcessingInitializeOnLoad (77ms)
			ProcessInitializeOnLoadAttributes (525ms)
			ProcessInitializeOnLoadMethodAttributes (23ms)
			AfterProcessingInitializeOnLoad (12ms)
			EditorAssembliesLoaded (0ms)
		ExecutionOrderSort2 (0ms)
		AwakeInstancesAfterBackupRestoration (7ms)
Refreshing native plugins compatible for Editor in 7.33 ms, found 6 plugins.
Preloading 0 native plugins for Editor in 0.00 ms.
Unloading 3527 Unused Serialized files (Serialized files now loaded: 0)
Unloading 42 unused Assets / (1.8 MB). Loaded Objects now: 4095.
Memory consumption went from 148.3 MB to 146.5 MB.
Total: 4.319700 ms (FindLiveObjects: 0.304700 ms CreateObjectMapping: 0.306300 ms MarkObjects: 3.348300 ms  DeleteObjects: 0.359300 ms)

Prepare: number of updated asset objects reloaded= 0
AssetImportParameters requested are different than current active one (requested -> active):
  custom:container-demuxer-ogg: 62fdf1f143b41e24485cea50d1cbac27 -> 
  custom:video-decoder-ogg-theora: a1e56fd34408186e4bbccfd4996cb3dc -> 
  custom:framework-win-MediaFoundation: 216162199b28c13a410421893ffa2e32 -> 
  custom:CustomObjectIndexerAttribute: 9a22284fe3817be447336de3de66b15e -> 
  custom:container-demuxer-webm: 4f35f7cbe854078d1ac9338744f61a02 -> 
  custom:container-muxer-webm: aa71ff27fc2769a1b78a27578f13a17b -> 
  custom:video-decoder-webm-vp8: 9c59270c3fd7afecdb556c50c9e8de78 -> 
  custom:SearchIndexIgnoredProperties: e643bd26f0fe6173181afceb89e7c659 -> 
  custom:AudioImporter_EditorPlatform: d09bf68614088b80899f8185d706f6e7 -> 
  custom:video-encoder-webm-vp8: eb34c28f22e8b96e1ab97ce403110664 -> 
  custom:audio-decoder-ogg-vorbis: bf7c407c2cedff20999df2af8eb42d56 -> 
  custom:audio-encoder-webm-vorbis: bf7c407c2cedff20999df2af8eb42d56 -> 
========================================================================
Received Prepare
Begin MonoManager ReloadAssembly
- Loaded All Assemblies, in  0.552 seconds
Refreshing native plugins compatible for Editor in 6.19 ms, found 6 plugins.
Native extension for WindowsStandalone target not found
Native extension for WebGL target not found
[Package Manager] Server::EnsureServerProcessIsRunning -- launch failed, reason: Unity was launched with the -noUpm command-line argument
[Package Manager] UpmClient::Send -- Unable to send message (not connected to UPM process).
[Package Manager] Cannot connect to Unity Package Manager local server
Mono: successfully reloaded assembly
- Finished resetting the current domain, in  1.356 seconds
Domain Reload Profiling: 1903ms
	BeginReloadAssembly (176ms)
		ExecutionOrderSort (0ms)
		DisableScriptedObjects (6ms)
		BackupInstance (0ms)
		ReleaseScriptingObjects (0ms)
		CreateAndSetChildDomain (39ms)
	RebuildCommonClasses (35ms)
	RebuildNativeTypeToScriptingClass (12ms)
	initialDomainReloadingComplete (37ms)
	LoadAllAssembliesAndSetupDomain (287ms)
		LoadAssemblies (367ms)
		RebuildTransferFunctionScriptingTraits (0ms)
		AnalyzeDomain (16ms)
			TypeCache.Refresh (7ms)
				TypeCache.ScanAssembly (0ms)
			ScanForSourceGeneratedMonoScriptInfo (0ms)
			ResolveRequiredComponents (7ms)
	FinalizeReload (1356ms)
		ReleaseScriptCaches (0ms)
		RebuildScriptCaches (0ms)
		SetupLoadedEditorAssemblies (721ms)
			LogAssemblyErrors (0ms)
			InitializePlatformSupportModulesInManaged (10ms)
			SetLoadedEditorAssemblies (4ms)
			RefreshPlugins (0ms)
			BeforeProcessingInitializeOnLoad (81ms)
			ProcessInitializeOnLoadAttributes (592ms)
			ProcessInitializeOnLoadMethodAttributes (24ms)
			AfterProcessingInitializeOnLoad (11ms)
			EditorAssembliesLoaded (0ms)
		ExecutionOrderSort2 (0ms)
		AwakeInstancesAfterBackupRestoration (6ms)
Refreshing native plugins compatible for Editor in 7.21 ms, found 6 plugins.
Preloading 0 native plugins for Editor in 0.00 ms.
Unloading 3527 Unused Serialized files (Serialized files now loaded: 0)
Unloading 42 unused Assets / (1.8 MB). Loaded Objects now: 4110.
Memory consumption went from 150.2 MB to 148.4 MB.
Total: 4.471000 ms (FindLiveObjects: 0.387500 ms CreateObjectMapping: 0.442800 ms MarkObjects: 3.224500 ms  DeleteObjects: 0.415100 ms)

Prepare: number of updated asset objects reloaded= 0
AssetImportParameters requested are different than current active one (requested -> active):
  custom:container-demuxer-ogg: 62fdf1f143b41e24485cea50d1cbac27 -> 
  custom:video-decoder-ogg-theora: a1e56fd34408186e4bbccfd4996cb3dc -> 
  custom:framework-win-MediaFoundation: 216162199b28c13a410421893ffa2e32 -> 
  custom:CustomObjectIndexerAttribute: 9a22284fe3817be447336de3de66b15e -> 
  custom:container-demuxer-webm: 4f35f7cbe854078d1ac9338744f61a02 -> 
  custom:container-muxer-webm: aa71ff27fc2769a1b78a27578f13a17b -> 
  custom:video-decoder-webm-vp8: 9c59270c3fd7afecdb556c50c9e8de78 -> 
  custom:SearchIndexIgnoredProperties: e643bd26f0fe6173181afceb89e7c659 -> 
  custom:AudioImporter_EditorPlatform: d09bf68614088b80899f8185d706f6e7 -> 
  custom:video-encoder-webm-vp8: eb34c28f22e8b96e1ab97ce403110664 -> 
  custom:audio-decoder-ogg-vorbis: bf7c407c2cedff20999df2af8eb42d56 -> 
  custom:audio-encoder-webm-vorbis: bf7c407c2cedff20999df2af8eb42d56 -> 
========================================================================
Received Prepare
Begin MonoManager ReloadAssembly
- Loaded All Assemblies, in  0.506 seconds
Refreshing native plugins compatible for Editor in 7.50 ms, found 6 plugins.
Native extension for WindowsStandalone target not found
Native extension for WebGL target not found
[Package Manager] Server::EnsureServerProcessIsRunning -- launch failed, reason: Unity was launched with the -noUpm command-line argument
[Package Manager] UpmClient::Send -- Unable to send message (not connected to UPM process).
[Package Manager] Cannot connect to Unity Package Manager local server
Mono: successfully reloaded assembly
- Finished resetting the current domain, in  1.292 seconds
Domain Reload Profiling: 1793ms
	BeginReloadAssembly (171ms)
		ExecutionOrderSort (0ms)
		DisableScriptedObjects (6ms)
		BackupInstance (0ms)
		ReleaseScriptingObjects (0ms)
		CreateAndSetChildDomain (35ms)
	RebuildCommonClasses (34ms)
	RebuildNativeTypeToScriptingClass (12ms)
	initialDomainReloadingComplete (35ms)
	LoadAllAssembliesAndSetupDomain (249ms)
		LoadAssemblies (327ms)
		RebuildTransferFunctionScriptingTraits (0ms)
		AnalyzeDomain (17ms)
			TypeCache.Refresh (8ms)
				TypeCache.ScanAssembly (0ms)
			ScanForSourceGeneratedMonoScriptInfo (0ms)
			ResolveRequiredComponents (7ms)
	FinalizeReload (1292ms)
		ReleaseScriptCaches (0ms)
		RebuildScriptCaches (0ms)
		SetupLoadedEditorAssemblies (638ms)
			LogAssemblyErrors (0ms)
			InitializePlatformSupportModulesInManaged (10ms)
			SetLoadedEditorAssemblies (3ms)
			RefreshPlugins (0ms)
			BeforeProcessingInitializeOnLoad (78ms)
			ProcessInitializeOnLoadAttributes (506ms)
			ProcessInitializeOnLoadMethodAttributes (28ms)
			AfterProcessingInitializeOnLoad (12ms)
			EditorAssembliesLoaded (0ms)
		ExecutionOrderSort2 (0ms)
		AwakeInstancesAfterBackupRestoration (6ms)
Refreshing native plugins compatible for Editor in 5.98 ms, found 6 plugins.
Preloading 0 native plugins for Editor in 0.00 ms.
Unloading 3527 Unused Serialized files (Serialized files now loaded: 0)
Unloading 42 unused Assets / (1.8 MB). Loaded Objects now: 4125.
Memory consumption went from 152.2 MB to 150.3 MB.
Total: 5.895700 ms (FindLiveObjects: 0.455400 ms CreateObjectMapping: 0.452700 ms MarkObjects: 4.569200 ms  DeleteObjects: 0.417300 ms)

Prepare: number of updated asset objects reloaded= 0
AssetImportParameters requested are different than current active one (requested -> active):
  custom:container-demuxer-ogg: 62fdf1f143b41e24485cea50d1cbac27 -> 
  custom:video-decoder-ogg-theora: a1e56fd34408186e4bbccfd4996cb3dc -> 
  custom:framework-win-MediaFoundation: 216162199b28c13a410421893ffa2e32 -> 
  custom:CustomObjectIndexerAttribute: 9a22284fe3817be447336de3de66b15e -> 
  custom:container-demuxer-webm: 4f35f7cbe854078d1ac9338744f61a02 -> 
  custom:container-muxer-webm: aa71ff27fc2769a1b78a27578f13a17b -> 
  custom:video-decoder-webm-vp8: 9c59270c3fd7afecdb556c50c9e8de78 -> 
  custom:SearchIndexIgnoredProperties: e643bd26f0fe6173181afceb89e7c659 -> 
  custom:AudioImporter_EditorPlatform: d09bf68614088b80899f8185d706f6e7 -> 
  custom:video-encoder-webm-vp8: eb34c28f22e8b96e1ab97ce403110664 -> 
  custom:audio-decoder-ogg-vorbis: bf7c407c2cedff20999df2af8eb42d56 -> 
  custom:audio-encoder-webm-vorbis: bf7c407c2cedff20999df2af8eb42d56 -> 
========================================================================
Received Prepare
Begin MonoManager ReloadAssembly
- Loaded All Assemblies, in  0.495 seconds
Refreshing native plugins compatible for Editor in 5.78 ms, found 6 plugins.
Native extension for WindowsStandalone target not found
Native extension for WebGL target not found
[Package Manager] Server::EnsureServerProcessIsRunning -- launch failed, reason: Unity was launched with the -noUpm command-line argument
[Package Manager] UpmClient::Send -- Unable to send message (not connected to UPM process).
[Package Manager] Cannot connect to Unity Package Manager local server
Mono: successfully reloaded assembly
- Finished resetting the current domain, in  1.288 seconds
Domain Reload Profiling: 1778ms
	BeginReloadAssembly (170ms)
		ExecutionOrderSort (0ms)
		DisableScriptedObjects (5ms)
		BackupInstance (0ms)
		ReleaseScriptingObjects (0ms)
		CreateAndSetChildDomain (35ms)
	RebuildCommonClasses (34ms)
	RebuildNativeTypeToScriptingClass (12ms)
	initialDomainReloadingComplete (35ms)
	LoadAllAssembliesAndSetupDomain (239ms)
		LoadAssemblies (321ms)
		RebuildTransferFunctionScriptingTraits (0ms)
		AnalyzeDomain (14ms)
			TypeCache.Refresh (6ms)
				TypeCache.ScanAssembly (0ms)
			ScanForSourceGeneratedMonoScriptInfo (0ms)
			ResolveRequiredComponents (6ms)
	FinalizeReload (1288ms)
		ReleaseScriptCaches (0ms)
		RebuildScriptCaches (0ms)
		SetupLoadedEditorAssemblies (675ms)
			LogAssemblyErrors (0ms)
			InitializePlatformSupportModulesInManaged (10ms)
			SetLoadedEditorAssemblies (3ms)
			RefreshPlugins (0ms)
			BeforeProcessingInitializeOnLoad (78ms)
			ProcessInitializeOnLoadAttributes (548ms)
			ProcessInitializeOnLoadMethodAttributes (25ms)
			AfterProcessingInitializeOnLoad (11ms)
			EditorAssembliesLoaded (0ms)
		ExecutionOrderSort2 (0ms)
		AwakeInstancesAfterBackupRestoration (6ms)
Refreshing native plugins compatible for Editor in 6.66 ms, found 6 plugins.
Preloading 0 native plugins for Editor in 0.00 ms.
Unloading 3527 Unused Serialized files (Serialized files now loaded: 0)
Unloading 42 unused Assets / (1.8 MB). Loaded Objects now: 4140.
Memory consumption went from 154.1 MB to 152.3 MB.
Total: 3.979200 ms (FindLiveObjects: 0.349600 ms CreateObjectMapping: 0.335200 ms MarkObjects: 2.928200 ms  DeleteObjects: 0.365100 ms)

Prepare: number of updated asset objects reloaded= 0
AssetImportParameters requested are different than current active one (requested -> active):
  custom:container-demuxer-ogg: 62fdf1f143b41e24485cea50d1cbac27 -> 
  custom:video-decoder-ogg-theora: a1e56fd34408186e4bbccfd4996cb3dc -> 
  custom:framework-win-MediaFoundation: 216162199b28c13a410421893ffa2e32 -> 
  custom:CustomObjectIndexerAttribute: 9a22284fe3817be447336de3de66b15e -> 
  custom:container-demuxer-webm: 4f35f7cbe854078d1ac9338744f61a02 -> 
  custom:container-muxer-webm: aa71ff27fc2769a1b78a27578f13a17b -> 
  custom:video-decoder-webm-vp8: 9c59270c3fd7afecdb556c50c9e8de78 -> 
  custom:SearchIndexIgnoredProperties: e643bd26f0fe6173181afceb89e7c659 -> 
  custom:AudioImporter_EditorPlatform: d09bf68614088b80899f8185d706f6e7 -> 
  custom:video-encoder-webm-vp8: eb34c28f22e8b96e1ab97ce403110664 -> 
  custom:audio-decoder-ogg-vorbis: bf7c407c2cedff20999df2af8eb42d56 -> 
  custom:audio-encoder-webm-vorbis: bf7c407c2cedff20999df2af8eb42d56 -> 
========================================================================
Received Prepare
Begin MonoManager ReloadAssembly
- Loaded All Assemblies, in  0.496 seconds
Refreshing native plugins compatible for Editor in 5.56 ms, found 6 plugins.
Native extension for WindowsStandalone target not found
Native extension for WebGL target not found
[Package Manager] Server::EnsureServerProcessIsRunning -- launch failed, reason: Unity was launched with the -noUpm command-line argument
[Package Manager] UpmClient::Send -- Unable to send message (not connected to UPM process).
[Package Manager] Cannot connect to Unity Package Manager local server
Mono: successfully reloaded assembly
- Finished resetting the current domain, in  1.257 seconds
Domain Reload Profiling: 1749ms
	BeginReloadAssembly (166ms)
		ExecutionOrderSort (0ms)
		DisableScriptedObjects (6ms)
		BackupInstance (0ms)
		ReleaseScriptingObjects (0ms)
		CreateAndSetChildDomain (33ms)
	RebuildCommonClasses (51ms)
	RebuildNativeTypeToScriptingClass (13ms)
	initialDomainReloadingComplete (33ms)
	LoadAllAssembliesAndSetupDomain (228ms)
		LoadAssemblies (305ms)
		RebuildTransferFunctionScriptingTraits (0ms)
		AnalyzeDomain (14ms)
			TypeCache.Refresh (6ms)
				TypeCache.ScanAssembly (0ms)
			ScanForSourceGeneratedMonoScriptInfo (0ms)
			ResolveRequiredComponents (6ms)
	FinalizeReload (1258ms)
		ReleaseScriptCaches (0ms)
		RebuildScriptCaches (0ms)
		SetupLoadedEditorAssemblies (651ms)
			LogAssemblyErrors (0ms)
			InitializePlatformSupportModulesInManaged (9ms)
			SetLoadedEditorAssemblies (3ms)
			RefreshPlugins (0ms)
			BeforeProcessingInitializeOnLoad (76ms)
			ProcessInitializeOnLoadAttributes (524ms)
			ProcessInitializeOnLoadMethodAttributes (29ms)
			AfterProcessingInitializeOnLoad (11ms)
			EditorAssembliesLoaded (0ms)
		ExecutionOrderSort2 (0ms)
		AwakeInstancesAfterBackupRestoration (6ms)
Refreshing native plugins compatible for Editor in 6.33 ms, found 6 plugins.
Preloading 0 native plugins for Editor in 0.00 ms.
Unloading 3527 Unused Serialized files (Serialized files now loaded: 0)
Unloading 42 unused Assets / (1.8 MB). Loaded Objects now: 4155.
Memory consumption went from 156.0 MB to 154.2 MB.
Total: 5.174900 ms (FindLiveObjects: 0.321000 ms CreateObjectMapping: 0.312200 ms MarkObjects: 4.210300 ms  DeleteObjects: 0.330500 ms)

Prepare: number of updated asset objects reloaded= 0
AssetImportParameters requested are different than current active one (requested -> active):
  custom:container-demuxer-ogg: 62fdf1f143b41e24485cea50d1cbac27 -> 
  custom:video-decoder-ogg-theora: a1e56fd34408186e4bbccfd4996cb3dc -> 
  custom:framework-win-MediaFoundation: 216162199b28c13a410421893ffa2e32 -> 
  custom:CustomObjectIndexerAttribute: 9a22284fe3817be447336de3de66b15e -> 
  custom:container-demuxer-webm: 4f35f7cbe854078d1ac9338744f61a02 -> 
  custom:container-muxer-webm: aa71ff27fc2769a1b78a27578f13a17b -> 
  custom:video-decoder-webm-vp8: 9c59270c3fd7afecdb556c50c9e8de78 -> 
  custom:SearchIndexIgnoredProperties: e643bd26f0fe6173181afceb89e7c659 -> 
  custom:AudioImporter_EditorPlatform: d09bf68614088b80899f8185d706f6e7 -> 
  custom:video-encoder-webm-vp8: eb34c28f22e8b96e1ab97ce403110664 -> 
  custom:audio-decoder-ogg-vorbis: bf7c407c2cedff20999df2af8eb42d56 -> 
  custom:audio-encoder-webm-vorbis: bf7c407c2cedff20999df2af8eb42d56 -> 
========================================================================
Received Prepare
Begin MonoManager ReloadAssembly
- Loaded All Assemblies, in  0.493 seconds
Refreshing native plugins compatible for Editor in 6.36 ms, found 6 plugins.
Native extension for WindowsStandalone target not found
Native extension for WebGL target not found
[Package Manager] Server::EnsureServerProcessIsRunning -- launch failed, reason: Unity was launched with the -noUpm command-line argument
[Package Manager] UpmClient::Send -- Unable to send message (not connected to UPM process).
[Package Manager] Cannot connect to Unity Package Manager local server
Mono: successfully reloaded assembly
- Finished resetting the current domain, in  1.237 seconds
Domain Reload Profiling: 1726ms
	BeginReloadAssembly (171ms)
		ExecutionOrderSort (0ms)
		DisableScriptedObjects (5ms)
		BackupInstance (0ms)
		ReleaseScriptingObjects (0ms)
		CreateAndSetChildDomain (36ms)
	RebuildCommonClasses (33ms)
	RebuildNativeTypeToScriptingClass (11ms)
	initialDomainReloadingComplete (34ms)
	LoadAllAssembliesAndSetupDomain (239ms)
		LoadAssemblies (315ms)
		RebuildTransferFunctionScriptingTraits (0ms)
		AnalyzeDomain (19ms)
			TypeCache.Refresh (8ms)
				TypeCache.ScanAssembly (0ms)
			ScanForSourceGeneratedMonoScriptInfo (0ms)
			ResolveRequiredComponents (9ms)
	FinalizeReload (1238ms)
		ReleaseScriptCaches (0ms)
		RebuildScriptCaches (0ms)
		SetupLoadedEditorAssemblies (624ms)
			LogAssemblyErrors (0ms)
			InitializePlatformSupportModulesInManaged (10ms)
			SetLoadedEditorAssemblies (3ms)
			RefreshPlugins (0ms)
			BeforeProcessingInitializeOnLoad (70ms)
			ProcessInitializeOnLoadAttributes (500ms)
			ProcessInitializeOnLoadMethodAttributes (26ms)
			AfterProcessingInitializeOnLoad (14ms)
			EditorAssembliesLoaded (0ms)
		ExecutionOrderSort2 (0ms)
		AwakeInstancesAfterBackupRestoration (7ms)
Refreshing native plugins compatible for Editor in 6.44 ms, found 6 plugins.
Preloading 0 native plugins for Editor in 0.00 ms.
Unloading 3527 Unused Serialized files (Serialized files now loaded: 0)
Unloading 42 unused Assets / (1.8 MB). Loaded Objects now: 4170.
Memory consumption went from 158.0 MB to 156.1 MB.
Total: 4.041400 ms (FindLiveObjects: 0.347900 ms CreateObjectMapping: 0.327000 ms MarkObjects: 2.933300 ms  DeleteObjects: 0.432200 ms)

Prepare: number of updated asset objects reloaded= 0
AssetImportParameters requested are different than current active one (requested -> active):
  custom:container-demuxer-ogg: 62fdf1f143b41e24485cea50d1cbac27 -> 
  custom:video-decoder-ogg-theora: a1e56fd34408186e4bbccfd4996cb3dc -> 
  custom:framework-win-MediaFoundation: 216162199b28c13a410421893ffa2e32 -> 
  custom:CustomObjectIndexerAttribute: 9a22284fe3817be447336de3de66b15e -> 
  custom:container-demuxer-webm: 4f35f7cbe854078d1ac9338744f61a02 -> 
  custom:container-muxer-webm: aa71ff27fc2769a1b78a27578f13a17b -> 
  custom:video-decoder-webm-vp8: 9c59270c3fd7afecdb556c50c9e8de78 -> 
  custom:SearchIndexIgnoredProperties: e643bd26f0fe6173181afceb89e7c659 -> 
  custom:AudioImporter_EditorPlatform: d09bf68614088b80899f8185d706f6e7 -> 
  custom:video-encoder-webm-vp8: eb34c28f22e8b96e1ab97ce403110664 -> 
  custom:audio-decoder-ogg-vorbis: bf7c407c2cedff20999df2af8eb42d56 -> 
  custom:audio-encoder-webm-vorbis: bf7c407c2cedff20999df2af8eb42d56 -> 
========================================================================
Received Prepare
Begin MonoManager ReloadAssembly
- Loaded All Assemblies, in  0.493 seconds
Refreshing native plugins compatible for Editor in 5.62 ms, found 6 plugins.
Native extension for WindowsStandalone target not found
Native extension for WebGL target not found
[Package Manager] Server::EnsureServerProcessIsRunning -- launch failed, reason: Unity was launched with the -noUpm command-line argument
[Package Manager] UpmClient::Send -- Unable to send message (not connected to UPM process).
[Package Manager] Cannot connect to Unity Package Manager local server
Mono: successfully reloaded assembly
- Finished resetting the current domain, in  1.259 seconds
Domain Reload Profiling: 1747ms
	BeginReloadAssembly (165ms)
		ExecutionOrderSort (0ms)
		DisableScriptedObjects (5ms)
		BackupInstance (0ms)
		ReleaseScriptingObjects (0ms)
		CreateAndSetChildDomain (37ms)
	RebuildCommonClasses (34ms)
	RebuildNativeTypeToScriptingClass (12ms)
	initialDomainReloadingComplete (33ms)
	LoadAllAssembliesAndSetupDomain (243ms)
		LoadAssemblies (319ms)
		RebuildTransferFunctionScriptingTraits (0ms)
		AnalyzeDomain (14ms)
			TypeCache.Refresh (6ms)
				TypeCache.ScanAssembly (0ms)
			ScanForSourceGeneratedMonoScriptInfo (0ms)
			ResolveRequiredComponents (6ms)
	FinalizeReload (1260ms)
		ReleaseScriptCaches (0ms)
		RebuildScriptCaches (0ms)
		SetupLoadedEditorAssemblies (641ms)
			LogAssemblyErrors (0ms)
			InitializePlatformSupportModulesInManaged (10ms)
			SetLoadedEditorAssemblies (4ms)
			RefreshPlugins (0ms)
			BeforeProcessingInitializeOnLoad (70ms)
			ProcessInitializeOnLoadAttributes (519ms)
			ProcessInitializeOnLoadMethodAttributes (25ms)
			AfterProcessingInitializeOnLoad (12ms)
			EditorAssembliesLoaded (0ms)
		ExecutionOrderSort2 (0ms)
		AwakeInstancesAfterBackupRestoration (6ms)
Refreshing native plugins compatible for Editor in 6.24 ms, found 6 plugins.
Preloading 0 native plugins for Editor in 0.00 ms.
Unloading 3527 Unused Serialized files (Serialized files now loaded: 0)
Unloading 42 unused Assets / (1.8 MB). Loaded Objects now: 4185.
Memory consumption went from 159.9 MB to 158.1 MB.
Total: 3.789200 ms (FindLiveObjects: 0.323500 ms CreateObjectMapping: 0.279900 ms MarkObjects: 2.780700 ms  DeleteObjects: 0.404300 ms)

Prepare: number of updated asset objects reloaded= 0
AssetImportParameters requested are different than current active one (requested -> active):
  custom:container-demuxer-ogg: 62fdf1f143b41e24485cea50d1cbac27 -> 
  custom:video-decoder-ogg-theora: a1e56fd34408186e4bbccfd4996cb3dc -> 
  custom:framework-win-MediaFoundation: 216162199b28c13a410421893ffa2e32 -> 
  custom:CustomObjectIndexerAttribute: 9a22284fe3817be447336de3de66b15e -> 
  custom:container-demuxer-webm: 4f35f7cbe854078d1ac9338744f61a02 -> 
  custom:container-muxer-webm: aa71ff27fc2769a1b78a27578f13a17b -> 
  custom:video-decoder-webm-vp8: 9c59270c3fd7afecdb556c50c9e8de78 -> 
  custom:SearchIndexIgnoredProperties: e643bd26f0fe6173181afceb89e7c659 -> 
  custom:AudioImporter_EditorPlatform: d09bf68614088b80899f8185d706f6e7 -> 
  custom:video-encoder-webm-vp8: eb34c28f22e8b96e1ab97ce403110664 -> 
  custom:audio-decoder-ogg-vorbis: bf7c407c2cedff20999df2af8eb42d56 -> 
  custom:audio-encoder-webm-vorbis: bf7c407c2cedff20999df2af8eb42d56 -> 
========================================================================
Received Prepare
Begin MonoManager ReloadAssembly
- Loaded All Assemblies, in  0.510 seconds
Refreshing native plugins compatible for Editor in 8.57 ms, found 6 plugins.
Native extension for WindowsStandalone target not found
Native extension for WebGL target not found
[Package Manager] Server::EnsureServerProcessIsRunning -- launch failed, reason: Unity was launched with the -noUpm command-line argument
[Package Manager] UpmClient::Send -- Unable to send message (not connected to UPM process).
[Package Manager] Cannot connect to Unity Package Manager local server
Mono: successfully reloaded assembly
- Finished resetting the current domain, in  1.240 seconds
Domain Reload Profiling: 1746ms
	BeginReloadAssembly (168ms)
		ExecutionOrderSort (0ms)
		DisableScriptedObjects (6ms)
		BackupInstance (0ms)
		ReleaseScriptingObjects (0ms)
		CreateAndSetChildDomain (35ms)
	RebuildCommonClasses (49ms)
	RebuildNativeTypeToScriptingClass (16ms)
	initialDomainReloadingComplete (33ms)
	LoadAllAssembliesAndSetupDomain (239ms)
		LoadAssemblies (316ms)
		RebuildTransferFunctionScriptingTraits (0ms)
		AnalyzeDomain (14ms)
			TypeCache.Refresh (6ms)
				TypeCache.ScanAssembly (0ms)
			ScanForSourceGeneratedMonoScriptInfo (0ms)
			ResolveRequiredComponents (6ms)
	FinalizeReload (1240ms)
		ReleaseScriptCaches (0ms)
		RebuildScriptCaches (0ms)
		SetupLoadedEditorAssemblies (645ms)
			LogAssemblyErrors (0ms)
			InitializePlatformSupportModulesInManaged (9ms)
			SetLoadedEditorAssemblies (3ms)
			RefreshPlugins (0ms)
			BeforeProcessingInitializeOnLoad (76ms)
			ProcessInitializeOnLoadAttributes (521ms)
			ProcessInitializeOnLoadMethodAttributes (24ms)
			AfterProcessingInitializeOnLoad (12ms)
			EditorAssembliesLoaded (0ms)
		ExecutionOrderSort2 (0ms)
		AwakeInstancesAfterBackupRestoration (7ms)
Refreshing native plugins compatible for Editor in 5.79 ms, found 6 plugins.
Preloading 0 native plugins for Editor in 0.00 ms.
Unloading 3527 Unused Serialized files (Serialized files now loaded: 0)
Unloading 42 unused Assets / (1.8 MB). Loaded Objects now: 4200.
Memory consumption went from 161.8 MB to 160.0 MB.
Total: 4.805700 ms (FindLiveObjects: 0.408500 ms CreateObjectMapping: 0.343200 ms MarkObjects: 3.725400 ms  DeleteObjects: 0.327000 ms)

Prepare: number of updated asset objects reloaded= 0
AssetImportParameters requested are different than current active one (requested -> active):
  custom:container-demuxer-ogg: 62fdf1f143b41e24485cea50d1cbac27 -> 
  custom:video-decoder-ogg-theora: a1e56fd34408186e4bbccfd4996cb3dc -> 
  custom:framework-win-MediaFoundation: 216162199b28c13a410421893ffa2e32 -> 
  custom:CustomObjectIndexerAttribute: 9a22284fe3817be447336de3de66b15e -> 
  custom:container-demuxer-webm: 4f35f7cbe854078d1ac9338744f61a02 -> 
  custom:container-muxer-webm: aa71ff27fc2769a1b78a27578f13a17b -> 
  custom:video-decoder-webm-vp8: 9c59270c3fd7afecdb556c50c9e8de78 -> 
  custom:SearchIndexIgnoredProperties: e643bd26f0fe6173181afceb89e7c659 -> 
  custom:AudioImporter_EditorPlatform: d09bf68614088b80899f8185d706f6e7 -> 
  custom:video-encoder-webm-vp8: eb34c28f22e8b96e1ab97ce403110664 -> 
  custom:audio-decoder-ogg-vorbis: bf7c407c2cedff20999df2af8eb42d56 -> 
  custom:audio-encoder-webm-vorbis: bf7c407c2cedff20999df2af8eb42d56 -> 
========================================================================
Received Prepare
Begin MonoManager ReloadAssembly
- Loaded All Assemblies, in  0.496 seconds
Refreshing native plugins compatible for Editor in 5.70 ms, found 6 plugins.
Native extension for WindowsStandalone target not found
Native extension for WebGL target not found
[Package Manager] Server::EnsureServerProcessIsRunning -- launch failed, reason: Unity was launched with the -noUpm command-line argument
[Package Manager] UpmClient::Send -- Unable to send message (not connected to UPM process).
[Package Manager] Cannot connect to Unity Package Manager local server
Mono: successfully reloaded assembly
- Finished resetting the current domain, in  1.269 seconds
Domain Reload Profiling: 1760ms
	BeginReloadAssembly (167ms)
		ExecutionOrderSort (0ms)
		DisableScriptedObjects (5ms)
		BackupInstance (0ms)
		ReleaseScriptingObjects (0ms)
		CreateAndSetChildDomain (36ms)
	RebuildCommonClasses (35ms)
	RebuildNativeTypeToScriptingClass (12ms)
	initialDomainReloadingComplete (34ms)
	LoadAllAssembliesAndSetupDomain (244ms)
		LoadAssemblies (321ms)
		RebuildTransferFunctionScriptingTraits (0ms)
		AnalyzeDomain (14ms)
			TypeCache.Refresh (6ms)
				TypeCache.ScanAssembly (0ms)
			ScanForSourceGeneratedMonoScriptInfo (0ms)
			ResolveRequiredComponents (6ms)
	FinalizeReload (1270ms)
		ReleaseScriptCaches (0ms)
		RebuildScriptCaches (0ms)
		SetupLoadedEditorAssemblies (666ms)
			LogAssemblyErrors (0ms)
			InitializePlatformSupportModulesInManaged (10ms)
			SetLoadedEditorAssemblies (3ms)
			RefreshPlugins (0ms)
			BeforeProcessingInitializeOnLoad (74ms)
			ProcessInitializeOnLoadAttributes (540ms)
			ProcessInitializeOnLoadMethodAttributes (26ms)
			AfterProcessingInitializeOnLoad (13ms)
			EditorAssembliesLoaded (0ms)
		ExecutionOrderSort2 (0ms)
		AwakeInstancesAfterBackupRestoration (6ms)
Refreshing native plugins compatible for Editor in 5.58 ms, found 6 plugins.
Preloading 0 native plugins for Editor in 0.00 ms.
Unloading 3527 Unused Serialized files (Serialized files now loaded: 0)
Unloading 42 unused Assets / (1.8 MB). Loaded Objects now: 4215.
Memory consumption went from 163.8 MB to 161.9 MB.
Total: 3.883000 ms (FindLiveObjects: 0.323100 ms CreateObjectMapping: 0.349200 ms MarkObjects: 2.861100 ms  DeleteObjects: 0.348600 ms)

Prepare: number of updated asset objects reloaded= 0
AssetImportParameters requested are different than current active one (requested -> active):
  custom:container-demuxer-ogg: 62fdf1f143b41e24485cea50d1cbac27 -> 
  custom:video-decoder-ogg-theora: a1e56fd34408186e4bbccfd4996cb3dc -> 
  custom:framework-win-MediaFoundation: 216162199b28c13a410421893ffa2e32 -> 
  custom:CustomObjectIndexerAttribute: 9a22284fe3817be447336de3de66b15e -> 
  custom:container-demuxer-webm: 4f35f7cbe854078d1ac9338744f61a02 -> 
  custom:container-muxer-webm: aa71ff27fc2769a1b78a27578f13a17b -> 
  custom:video-decoder-webm-vp8: 9c59270c3fd7afecdb556c50c9e8de78 -> 
  custom:SearchIndexIgnoredProperties: e643bd26f0fe6173181afceb89e7c659 -> 
  custom:AudioImporter_EditorPlatform: d09bf68614088b80899f8185d706f6e7 -> 
  custom:video-encoder-webm-vp8: eb34c28f22e8b96e1ab97ce403110664 -> 
  custom:audio-decoder-ogg-vorbis: bf7c407c2cedff20999df2af8eb42d56 -> 
  custom:audio-encoder-webm-vorbis: bf7c407c2cedff20999df2af8eb42d56 -> 
========================================================================
Received Import Request.
  Time since last request: 2198.194496 seconds.
  path: Assets/EffectCore/packs/StylizedProjectilePack1/prefabs/Bullet/Bullet_BlazingRed/Bullet_Big_BlazingRed/Bullet_BlazingRed_Big_Impact.prefab
  artifactKey: Guid(15b9dd0ff0b73454aad08fc61f1d3084) Importer(815301076,1909f56bfc062723c751e8b465ee728b)
Start importing Assets/EffectCore/packs/StylizedProjectilePack1/prefabs/Bullet/Bullet_BlazingRed/Bullet_Big_BlazingRed/Bullet_BlazingRed_Big_Impact.prefab using Guid(15b9dd0ff0b73454aad08fc61f1d3084) Importer(815301076,1909f56bfc062723c751e8b465ee728b)  -> (artifact id: '9c706205f6640ae0ef59f5b922bb972b') in 0.151736 seconds
Number of updated asset objects reloaded before import = 0
Number of asset objects unloaded after import = 52
========================================================================
Received Import Request.
  Time since last request: 0.000027 seconds.
  path: Assets/EffectCore/packs/StylizedProjectilePack1/prefabs/Bullet/Bullet_BlazingRed/Bullet_Medium_BlazingRed/Bullet_BlazingRed_Medium_Projectile.prefab
  artifactKey: Guid(0d5375de13c0d07418db45e642648e1b) Importer(815301076,1909f56bfc062723c751e8b465ee728b)
Start importing Assets/EffectCore/packs/StylizedProjectilePack1/prefabs/Bullet/Bullet_BlazingRed/Bullet_Medium_BlazingRed/Bullet_BlazingRed_Medium_Projectile.prefab using Guid(0d5375de13c0d07418db45e642648e1b) Importer(815301076,1909f56bfc062723c751e8b465ee728b)  -> (artifact id: '730c5f10ba4e6d8ed74d4d48ae28e501') in 0.025876 seconds
Number of updated asset objects reloaded before import = 0
Number of asset objects unloaded after import = 73
========================================================================
Received Import Request.
  Time since last request: 0.000039 seconds.
  path: Assets/EffectCore/packs/StylizedProjectilePack1/prefabs/Bullet/Bullet_BlazingRed/Bullet_Big_BlazingRed/Bullet_BlazingRed_Big_Projectile.prefab
  artifactKey: Guid(7d9628d8dd1c41e40a689cba91859604) Importer(815301076,1909f56bfc062723c751e8b465ee728b)
Start importing Assets/EffectCore/packs/StylizedProjectilePack1/prefabs/Bullet/Bullet_BlazingRed/Bullet_Big_BlazingRed/Bullet_BlazingRed_Big_Projectile.prefab using Guid(7d9628d8dd1c41e40a689cba91859604) Importer(815301076,1909f56bfc062723c751e8b465ee728b)  -> (artifact id: '6f6e28212460544ffb4486712475be15') in 0.021313 seconds
Number of updated asset objects reloaded before import = 0
Number of asset objects unloaded after import = 74
========================================================================
Received Import Request.
  Time since last request: 0.000019 seconds.
  path: Assets/EffectCore/packs/StylizedProjectilePack1/prefabs/Bullet/Bullet_BlazingRed/Bullet_Small_BlazingRed/Bullet_BlazingRed_Small_Impact.prefab
  artifactKey: Guid(e3f361eacdeb09440850ac7397930cba) Importer(815301076,1909f56bfc062723c751e8b465ee728b)
Start importing Assets/EffectCore/packs/StylizedProjectilePack1/prefabs/Bullet/Bullet_BlazingRed/Bullet_Small_BlazingRed/Bullet_BlazingRed_Small_Impact.prefab using Guid(e3f361eacdeb09440850ac7397930cba) Importer(815301076,1909f56bfc062723c751e8b465ee728b)  -> (artifact id: '40664035043f6e5fe000f22846761b30') in 0.026959 seconds
Number of updated asset objects reloaded before import = 0
Number of asset objects unloaded after import = 52
========================================================================
Received Import Request.
  Time since last request: 1.856015 seconds.
  path: Assets/EffectCore/packs/StylizedProjectilePack1/prefabs/Bullet/Bullet_DemonPurple/Bullet_Big_DemonPurple/Bullet_DemonPurple_Big_Impact.prefab
  artifactKey: Guid(1845e09e109a8fd48bd5f1f5b15d1217) Importer(815301076,1909f56bfc062723c751e8b465ee728b)
Start importing Assets/EffectCore/packs/StylizedProjectilePack1/prefabs/Bullet/Bullet_DemonPurple/Bullet_Big_DemonPurple/Bullet_DemonPurple_Big_Impact.prefab using Guid(1845e09e109a8fd48bd5f1f5b15d1217) Importer(815301076,1909f56bfc062723c751e8b465ee728b)  -> (artifact id: '55146f91993390d625b954a6ea22922c') in 0.016810 seconds
Number of updated asset objects reloaded before import = 0
Number of asset objects unloaded after import = 51
========================================================================
Received Import Request.
  Time since last request: 0.038639 seconds.
  path: Assets/EffectCore/packs/StylizedProjectilePack1/prefabs/Bullet/Bullet_DemonPurple/Bullet_Big_DemonPurple/Bullet_DemonPurple_Big_Projectile.prefab
  artifactKey: Guid(73b4224817378674a81e2a3aa95a76c4) Importer(815301076,1909f56bfc062723c751e8b465ee728b)
Start importing Assets/EffectCore/packs/StylizedProjectilePack1/prefabs/Bullet/Bullet_DemonPurple/Bullet_Big_DemonPurple/Bullet_DemonPurple_Big_Projectile.prefab using Guid(73b4224817378674a81e2a3aa95a76c4) Importer(815301076,1909f56bfc062723c751e8b465ee728b)  -> (artifact id: 'fdd817a685b5e1e7f5e55ec7273f31a6') in 0.017418 seconds
Number of updated asset objects reloaded before import = 0
Number of asset objects unloaded after import = 74
========================================================================
Received Import Request.
  Time since last request: 0.000017 seconds.
  path: Assets/EffectCore/packs/StylizedProjectilePack1/prefabs/Bullet/Bullet_DemonPurple/Bullet_Medium_DemonPurple/Bullet_DemonPurple_Medium_Impact.prefab
  artifactKey: Guid(944f01c758149c94ca7e9bf063631079) Importer(815301076,1909f56bfc062723c751e8b465ee728b)
Start importing Assets/EffectCore/packs/StylizedProjectilePack1/prefabs/Bullet/Bullet_DemonPurple/Bullet_Medium_DemonPurple/Bullet_DemonPurple_Medium_Impact.prefab using Guid(944f01c758149c94ca7e9bf063631079) Importer(815301076,1909f56bfc062723c751e8b465ee728b)  -> (artifact id: 'bd8919cba20c841a88667a8f017de554') in 0.016339 seconds
Number of updated asset objects reloaded before import = 0
Number of asset objects unloaded after import = 52
========================================================================
Received Import Request.
  Time since last request: 0.388001 seconds.
  path: Assets/EffectCore/packs/StylizedProjectilePack1/prefabs/Bullet/Bullet_DemonPurple/Bullet_Small_DemonPurple/Bullet_DemonPurple_Small_Impact.prefab
  artifactKey: Guid(a7736785208c7f5439e805201c32c624) Importer(815301076,1909f56bfc062723c751e8b465ee728b)
Start importing Assets/EffectCore/packs/StylizedProjectilePack1/prefabs/Bullet/Bullet_DemonPurple/Bullet_Small_DemonPurple/Bullet_DemonPurple_Small_Impact.prefab using Guid(a7736785208c7f5439e805201c32c624) Importer(815301076,1909f56bfc062723c751e8b465ee728b)  -> (artifact id: 'ab534ac83b10d36a21bc567469e2afc6') in 0.015933 seconds
Number of updated asset objects reloaded before import = 0
Number of asset objects unloaded after import = 52
========================================================================
Received Import Request.
  Time since last request: 0.021554 seconds.
  path: Assets/EffectCore/packs/StylizedProjectilePack1/prefabs/Bullet/Bullet_DemonPurple/Bullet_Small_DemonPurple/Bullet_DemonPurple_Small_Projectile.prefab
  artifactKey: Guid(9e80e89bac104d14f9a55cf85b640e28) Importer(815301076,1909f56bfc062723c751e8b465ee728b)
Start importing Assets/EffectCore/packs/StylizedProjectilePack1/prefabs/Bullet/Bullet_DemonPurple/Bullet_Small_DemonPurple/Bullet_DemonPurple_Small_Projectile.prefab using Guid(9e80e89bac104d14f9a55cf85b640e28) Importer(815301076,1909f56bfc062723c751e8b465ee728b)  -> (artifact id: 'd5423c8f53894ef053e7fc222b86b5e2') in 0.018148 seconds
Number of updated asset objects reloaded before import = 0
Number of asset objects unloaded after import = 74
========================================================================
Received Import Request.
  Time since last request: 0.000023 seconds.
  path: Assets/EffectCore/packs/StylizedProjectilePack1/prefabs/Bullet/Bullet_GoldFire_Template/Bullet_Big_GoldFire_Template/Bullet_GoldFire_Big_Impact_Template.prefab
  artifactKey: Guid(52baafc6c69151e418a228e14e1bd356) Importer(815301076,1909f56bfc062723c751e8b465ee728b)
Start importing Assets/EffectCore/packs/StylizedProjectilePack1/prefabs/Bullet/Bullet_GoldFire_Template/Bullet_Big_GoldFire_Template/Bullet_GoldFire_Big_Impact_Template.prefab using Guid(52baafc6c69151e418a228e14e1bd356) Importer(815301076,1909f56bfc062723c751e8b465ee728b)  -> (artifact id: '4a9fdc420752b41c2ec3082055f7a1b6') in 0.014751 seconds
Number of updated asset objects reloaded before import = 0
Number of asset objects unloaded after import = 52
========================================================================
Received Import Request.
  Time since last request: 0.051165 seconds.
  path: Assets/EffectCore/packs/StylizedProjectilePack1/prefabs/Bullet/Bullet_GoldFire_Template/Bullet_Medium_GoldFire_Template/Bullet_GoldFire_Medium_Impact_Template.prefab
  artifactKey: Guid(5a84f048d347cff428bc5285b6f3863e) Importer(815301076,1909f56bfc062723c751e8b465ee728b)
Start importing Assets/EffectCore/packs/StylizedProjectilePack1/prefabs/Bullet/Bullet_GoldFire_Template/Bullet_Medium_GoldFire_Template/Bullet_GoldFire_Medium_Impact_Template.prefab using Guid(5a84f048d347cff428bc5285b6f3863e) Importer(815301076,1909f56bfc062723c751e8b465ee728b)  -> (artifact id: 'ac21e993eb9b63ab94a3ac5370c0061c') in 0.017550 seconds
Number of updated asset objects reloaded before import = 0
Number of asset objects unloaded after import = 52
========================================================================
Received Import Request.
  Time since last request: 0.261652 seconds.
  path: Assets/EffectCore/packs/StylizedProjectilePack1/prefabs/Bullet/Bullet_GoldFire_Template/Bullet_Medium_GoldFire_Template/Bullet_GoldFire_Medium_Projectile_Template.prefab
  artifactKey: Guid(6c6c2a3bbf7c85449b8e9515d0c6f273) Importer(815301076,1909f56bfc062723c751e8b465ee728b)
Start importing Assets/EffectCore/packs/StylizedProjectilePack1/prefabs/Bullet/Bullet_GoldFire_Template/Bullet_Medium_GoldFire_Template/Bullet_GoldFire_Medium_Projectile_Template.prefab using Guid(6c6c2a3bbf7c85449b8e9515d0c6f273) Importer(815301076,1909f56bfc062723c751e8b465ee728b)  -> (artifact id: '0f642436e0e5e6626fb414df4dde0e20') in 0.018618 seconds
Number of updated asset objects reloaded before import = 0
Number of asset objects unloaded after import = 74
========================================================================
Received Import Request.
  Time since last request: 0.012963 seconds.
  path: Assets/EffectCore/packs/StylizedProjectilePack1/prefabs/Bullet/Bullet_GoldFire_Template/Bullet_Small_Goldfire_Template/Bullet_GoldFire_Small_MuzzleFlare_Template.prefab
  artifactKey: Guid(01e91ba42e028824b86d47ee5f416589) Importer(815301076,1909f56bfc062723c751e8b465ee728b)
Start importing Assets/EffectCore/packs/StylizedProjectilePack1/prefabs/Bullet/Bullet_GoldFire_Template/Bullet_Small_Goldfire_Template/Bullet_GoldFire_Small_MuzzleFlare_Template.prefab using Guid(01e91ba42e028824b86d47ee5f416589) Importer(815301076,1909f56bfc062723c751e8b465ee728b)  -> (artifact id: '0b815851c1b09e23d5dd4bf43092c339') in 0.012559 seconds
Number of updated asset objects reloaded before import = 0
Number of asset objects unloaded after import = 27
========================================================================
Received Import Request.
  Time since last request: 0.027325 seconds.
  path: Assets/EffectCore/packs/StylizedProjectilePack1/prefabs/Bullet/Bullet_SilverFlare/Bullet_Big_SilverFlare/Bullet_SilverFlare_Big_Impact.prefab
  artifactKey: Guid(da7d34a7c7418a443a7fbe3a4f432cba) Importer(815301076,1909f56bfc062723c751e8b465ee728b)
Start importing Assets/EffectCore/packs/StylizedProjectilePack1/prefabs/Bullet/Bullet_SilverFlare/Bullet_Big_SilverFlare/Bullet_SilverFlare_Big_Impact.prefab using Guid(da7d34a7c7418a443a7fbe3a4f432cba) Importer(815301076,1909f56bfc062723c751e8b465ee728b)  -> (artifact id: '9bbeb9caebe87c33b2b86e4cdf7f969f') in 0.016605 seconds
Number of updated asset objects reloaded before import = 0
Number of asset objects unloaded after import = 52
========================================================================
Received Import Request.
  Time since last request: 0.000024 seconds.
  path: Assets/EffectCore/packs/StylizedProjectilePack1/prefabs/Bullet/Bullet_SilverFlare/Bullet_Big_SilverFlare/Bullet_SilverFlare_Big_MuzzleFlare.prefab
  artifactKey: Guid(c2ee59d1549e34640b56a6b23dc7fb9a) Importer(815301076,1909f56bfc062723c751e8b465ee728b)
Start importing Assets/EffectCore/packs/StylizedProjectilePack1/prefabs/Bullet/Bullet_SilverFlare/Bullet_Big_SilverFlare/Bullet_SilverFlare_Big_MuzzleFlare.prefab using Guid(c2ee59d1549e34640b56a6b23dc7fb9a) Importer(815301076,1909f56bfc062723c751e8b465ee728b)  -> (artifact id: '2f3dfb8cbf19581db27089712ea568af') in 0.011932 seconds
Number of updated asset objects reloaded before import = 0
Number of asset objects unloaded after import = 27
========================================================================
Received Import Request.
  Time since last request: 0.446250 seconds.
  path: Assets/EffectCore/packs/StylizedProjectilePack1/prefabs/Bullet/Bullet_SilverFlare/Bullet_Medium_SilverFlare/Bullet_SilverFlare_Medium_MuzzleFlare.prefab
  artifactKey: Guid(2eb0d1c997028f344ba8ee6cc887fab7) Importer(815301076,1909f56bfc062723c751e8b465ee728b)
Start importing Assets/EffectCore/packs/StylizedProjectilePack1/prefabs/Bullet/Bullet_SilverFlare/Bullet_Medium_SilverFlare/Bullet_SilverFlare_Medium_MuzzleFlare.prefab using Guid(2eb0d1c997028f344ba8ee6cc887fab7) Importer(815301076,1909f56bfc062723c751e8b465ee728b)  -> (artifact id: '7cc9a56f3d7dde682a8332b38ab8b615') in 0.015487 seconds
Number of updated asset objects reloaded before import = 0
Number of asset objects unloaded after import = 27
========================================================================
Received Import Request.
  Time since last request: 0.037884 seconds.
  path: Assets/EffectCore/packs/StylizedProjectilePack1/prefabs/Bullet/Bullet_SilverFlare/Bullet_Small_SilverFlare/Bullet_SilverFlare_Small_Impact.prefab
  artifactKey: Guid(9aef5c2b44fcd9a45b7789e47f954670) Importer(815301076,1909f56bfc062723c751e8b465ee728b)
Start importing Assets/EffectCore/packs/StylizedProjectilePack1/prefabs/Bullet/Bullet_SilverFlare/Bullet_Small_SilverFlare/Bullet_SilverFlare_Small_Impact.prefab using Guid(9aef5c2b44fcd9a45b7789e47f954670) Importer(815301076,1909f56bfc062723c751e8b465ee728b)  -> (artifact id: '747dda31a4ea35e66742f2ca77f52e62') in 0.016707 seconds
Number of updated asset objects reloaded before import = 0
Number of asset objects unloaded after import = 52
========================================================================
Received Import Request.
  Time since last request: 0.000019 seconds.
  path: Assets/EffectCore/packs/StylizedProjectilePack1/prefabs/Bullet/Bullet_SilverFlare/Bullet_Small_SilverFlare/Bullet_SilverFlare_Small_MuzzleFlare.prefab
  artifactKey: Guid(e165b34d6402b6449bce6c32e18c8419) Importer(815301076,1909f56bfc062723c751e8b465ee728b)
Start importing Assets/EffectCore/packs/StylizedProjectilePack1/prefabs/Bullet/Bullet_SilverFlare/Bullet_Small_SilverFlare/Bullet_SilverFlare_Small_MuzzleFlare.prefab using Guid(e165b34d6402b6449bce6c32e18c8419) Importer(815301076,1909f56bfc062723c751e8b465ee728b)  -> (artifact id: '1956a9e33127a7e2cf6b39bd7571576e') in 0.012356 seconds
Number of updated asset objects reloaded before import = 0
Number of asset objects unloaded after import = 27
========================================================================
Received Import Request.
  Time since last request: 0.285357 seconds.
  path: Assets/EffectCore/packs/StylizedProjectilePack1/prefabs/Bullet/Bullet_VenomGreen/Bullet_Big_VenomGreen/Bullet_VenomGreen_Big_MuzzleFlare.prefab
  artifactKey: Guid(284f473a4831afa47bc286c36b9f8689) Importer(815301076,1909f56bfc062723c751e8b465ee728b)
Start importing Assets/EffectCore/packs/StylizedProjectilePack1/prefabs/Bullet/Bullet_VenomGreen/Bullet_Big_VenomGreen/Bullet_VenomGreen_Big_MuzzleFlare.prefab using Guid(284f473a4831afa47bc286c36b9f8689) Importer(815301076,1909f56bfc062723c751e8b465ee728b)  -> (artifact id: 'd847372c26ea6b80a52284859c6f1132') in 0.012342 seconds
Number of updated asset objects reloaded before import = 0
Number of asset objects unloaded after import = 27
========================================================================
Received Import Request.
  Time since last request: 0.038800 seconds.
  path: Assets/EffectCore/packs/StylizedProjectilePack1/prefabs/Bullet/Bullet_VenomGreen/Bullet_Medium_VenomGreen/Bullet_VenomGreen_Medium_Impact.prefab
  artifactKey: Guid(76676824d8f2e784aa842c8e90b398ec) Importer(815301076,1909f56bfc062723c751e8b465ee728b)
Start importing Assets/EffectCore/packs/StylizedProjectilePack1/prefabs/Bullet/Bullet_VenomGreen/Bullet_Medium_VenomGreen/Bullet_VenomGreen_Medium_Impact.prefab using Guid(76676824d8f2e784aa842c8e90b398ec) Importer(815301076,1909f56bfc062723c751e8b465ee728b)  -> (artifact id: 'b6900e474afb717461cc943422560179') in 0.015159 seconds
Number of updated asset objects reloaded before import = 0
Number of asset objects unloaded after import = 52
========================================================================
Received Import Request.
  Time since last request: 0.000024 seconds.
  path: Assets/EffectCore/packs/StylizedProjectilePack1/prefabs/Bullet/Bullet_VenomGreen/Bullet_Medium_VenomGreen/Bullet_VenomGreen_Medium_Projectile.prefab
  artifactKey: Guid(3e6e0da4bb550b9409620dff24cfdefa) Importer(815301076,1909f56bfc062723c751e8b465ee728b)
Start importing Assets/EffectCore/packs/StylizedProjectilePack1/prefabs/Bullet/Bullet_VenomGreen/Bullet_Medium_VenomGreen/Bullet_VenomGreen_Medium_Projectile.prefab using Guid(3e6e0da4bb550b9409620dff24cfdefa) Importer(815301076,1909f56bfc062723c751e8b465ee728b)  -> (artifact id: '1fd41810ca5bbcc3b93eb1d92c024615') in 0.020279 seconds
Number of updated asset objects reloaded before import = 0
Number of asset objects unloaded after import = 74
========================================================================
Received Import Request.
  Time since last request: 0.000021 seconds.
  path: Assets/EffectCore/packs/StylizedProjectilePack1/prefabs/Bullet/Bullet_VenomGreen/Bullet_Small_VenomGreen/Bullet_VenomGreen_Small_MuzzleFlare.prefab
  artifactKey: Guid(581d5d8274d685543ab36b8fe76a6c2e) Importer(815301076,1909f56bfc062723c751e8b465ee728b)
Start importing Assets/EffectCore/packs/StylizedProjectilePack1/prefabs/Bullet/Bullet_VenomGreen/Bullet_Small_VenomGreen/Bullet_VenomGreen_Small_MuzzleFlare.prefab using Guid(581d5d8274d685543ab36b8fe76a6c2e) Importer(815301076,1909f56bfc062723c751e8b465ee728b)  -> (artifact id: 'd620210734416d2588efb3e5af19a847') in 0.013560 seconds
Number of updated asset objects reloaded before import = 0
Number of asset objects unloaded after import = 27
========================================================================
Received Import Request.
  Time since last request: 0.379740 seconds.
  path: Assets/MisoStudioSpaceships/Models/IceBlades.fbx
  artifactKey: Guid(86e8b97b6d8d3465d851b89623a7dee3) Importer(815301076,1909f56bfc062723c751e8b465ee728b)
Start importing Assets/MisoStudioSpaceships/Models/IceBlades.fbx using Guid(86e8b97b6d8d3465d851b89623a7dee3) Importer(815301076,1909f56bfc062723c751e8b465ee728b)  -> (artifact id: '3895519e62daf96c60beee887b364fd2') in 0.063308 seconds
Number of updated asset objects reloaded before import = 0
Number of asset objects unloaded after import = 16
========================================================================
Received Import Request.
  Time since last request: 0.316359 seconds.
  path: Assets/EffectCore/packs/StylizedProjectilePack1/prefabs/Laser/Laser_Blue/Laser_Big_Blue/Laser_Blue_Big_Impact.prefab
  artifactKey: Guid(bda98807a8141864bad59e2d3641704b) Importer(815301076,1909f56bfc062723c751e8b465ee728b)
Start importing Assets/EffectCore/packs/StylizedProjectilePack1/prefabs/Laser/Laser_Blue/Laser_Big_Blue/Laser_Blue_Big_Impact.prefab using Guid(bda98807a8141864bad59e2d3641704b) Importer(815301076,1909f56bfc062723c751e8b465ee728b)  -> (artifact id: '5df18358fc19f92aa823b1b75f54de5e') in 0.018316 seconds
Number of updated asset objects reloaded before import = 0
Number of asset objects unloaded after import = 56
========================================================================
Received Import Request.
  Time since last request: 0.000016 seconds.
  path: Assets/EffectCore/packs/StylizedProjectilePack1/prefabs/Laser/Laser_Blue/Laser_Big_Blue/Laser_Blue_Big_MuzzleFlare.prefab
  artifactKey: Guid(e821333cccab63b4bba30b332e5f2031) Importer(815301076,1909f56bfc062723c751e8b465ee728b)
Start importing Assets/EffectCore/packs/StylizedProjectilePack1/prefabs/Laser/Laser_Blue/Laser_Big_Blue/Laser_Blue_Big_MuzzleFlare.prefab using Guid(e821333cccab63b4bba30b332e5f2031) Importer(815301076,1909f56bfc062723c751e8b465ee728b)  -> (artifact id: '29f0cefd0ce8fcfe3f315783ad09189e') in 0.015892 seconds
Number of updated asset objects reloaded before import = 0
Number of asset objects unloaded after import = 27
========================================================================
Received Import Request.
  Time since last request: 0.000017 seconds.
  path: Assets/EffectCore/packs/StylizedProjectilePack1/prefabs/Laser/Laser_Blue/Laser_Big_Blue/Laser_Blue_Big_Projectile.prefab
  artifactKey: Guid(e791bce961c856c48a4aaf3bf189e3aa) Importer(815301076,1909f56bfc062723c751e8b465ee728b)
Start importing Assets/EffectCore/packs/StylizedProjectilePack1/prefabs/Laser/Laser_Blue/Laser_Big_Blue/Laser_Blue_Big_Projectile.prefab using Guid(e791bce961c856c48a4aaf3bf189e3aa) Importer(815301076,1909f56bfc062723c751e8b465ee728b)  -> (artifact id: '0447677dffb94ea3543d1aa672391a47') in 0.039306 seconds
Number of updated asset objects reloaded before import = 0
Number of asset objects unloaded after import = 80
========================================================================
Received Import Request.
  Time since last request: 0.000037 seconds.
  path: Assets/EffectCore/packs/StylizedProjectilePack1/prefabs/Laser/Laser_Blue/Laser_Medium_Blue/Laser_Blue_Medium_Impact.prefab
  artifactKey: Guid(12b4684b6dfa54542af44b834b325d62) Importer(815301076,1909f56bfc062723c751e8b465ee728b)
Start importing Assets/EffectCore/packs/StylizedProjectilePack1/prefabs/Laser/Laser_Blue/Laser_Medium_Blue/Laser_Blue_Medium_Impact.prefab using Guid(12b4684b6dfa54542af44b834b325d62) Importer(815301076,1909f56bfc062723c751e8b465ee728b)  -> (artifact id: '944dca3d3d6989072eeff420ac9cba60') in 0.034360 seconds
Number of updated asset objects reloaded before import = 0
Number of asset objects unloaded after import = 56
========================================================================
Received Import Request.
  Time since last request: 0.000026 seconds.
  path: Assets/EffectCore/packs/StylizedProjectilePack1/prefabs/Laser/Laser_Blue/Laser_Medium_Blue/Laser_Blue_Medium_MuzzleFlare.prefab
  artifactKey: Guid(0bb2091220a6d754686c0d0486f7f56e) Importer(815301076,1909f56bfc062723c751e8b465ee728b)
Start importing Assets/EffectCore/packs/StylizedProjectilePack1/prefabs/Laser/Laser_Blue/Laser_Medium_Blue/Laser_Blue_Medium_MuzzleFlare.prefab using Guid(0bb2091220a6d754686c0d0486f7f56e) Importer(815301076,1909f56bfc062723c751e8b465ee728b)  -> (artifact id: 'aa77f85ae83130c37ad3d1a596614bea') in 0.018762 seconds
Number of updated asset objects reloaded before import = 0
Number of asset objects unloaded after import = 27
========================================================================
Received Import Request.
  Time since last request: 0.228478 seconds.
  path: Assets/EffectCore/packs/StylizedProjectilePack1/prefabs/Laser/Laser_Blue/Laser_Medium_Blue/Laser_Blue_Medium_Projectile.prefab
  artifactKey: Guid(19c7f662c0bf1a447be313604bf5e7a3) Importer(815301076,1909f56bfc062723c751e8b465ee728b)
Start importing Assets/EffectCore/packs/StylizedProjectilePack1/prefabs/Laser/Laser_Blue/Laser_Medium_Blue/Laser_Blue_Medium_Projectile.prefab using Guid(19c7f662c0bf1a447be313604bf5e7a3) Importer(815301076,1909f56bfc062723c751e8b465ee728b)  -> (artifact id: 'cbb104f80c70e15dfdd30aa6ddc0a2a8') in 0.018436 seconds
Number of updated asset objects reloaded before import = 0
Number of asset objects unloaded after import = 80
========================================================================
Received Import Request.
  Time since last request: 0.000023 seconds.
  path: Assets/EffectCore/packs/StylizedProjectilePack1/prefabs/Laser/Laser_Blue/Laser_Small_Blue/Laser_Blue_Small_Impact.prefab
  artifactKey: Guid(af3f3fa832ef8314bb22c5462402c60c) Importer(815301076,1909f56bfc062723c751e8b465ee728b)
Start importing Assets/EffectCore/packs/StylizedProjectilePack1/prefabs/Laser/Laser_Blue/Laser_Small_Blue/Laser_Blue_Small_Impact.prefab using Guid(af3f3fa832ef8314bb22c5462402c60c) Importer(815301076,1909f56bfc062723c751e8b465ee728b)  -> (artifact id: 'b7ae6ce3b8d0f63de4f96eb18c05748a') in 0.016763 seconds
Number of updated asset objects reloaded before import = 0
Number of asset objects unloaded after import = 50
========================================================================
Received Import Request.
  Time since last request: 0.034715 seconds.
  path: Assets/EffectCore/packs/StylizedProjectilePack1/prefabs/Laser/Laser_Blue/Laser_Small_Blue/Laser_Blue_Small_Projectile.prefab
  artifactKey: Guid(1b81ed6643072854688c442ec72032d6) Importer(815301076,1909f56bfc062723c751e8b465ee728b)
Start importing Assets/EffectCore/packs/StylizedProjectilePack1/prefabs/Laser/Laser_Blue/Laser_Small_Blue/Laser_Blue_Small_Projectile.prefab using Guid(1b81ed6643072854688c442ec72032d6) Importer(815301076,1909f56bfc062723c751e8b465ee728b)  -> (artifact id: '3bb06031d4bb086a4c968fa785d2e904') in 0.017160 seconds
Number of updated asset objects reloaded before import = 0
Number of asset objects unloaded after import = 74
========================================================================
Received Import Request.
  Time since last request: 0.026780 seconds.
  path: Assets/EffectCore/packs/StylizedProjectilePack1/prefabs/Laser/Laser_Green/Laser_Big_Green/Laser_Green_Big_MuzzleFlare.prefab
  artifactKey: Guid(089935eb399f7b14d887ca8e260e8ffc) Importer(815301076,1909f56bfc062723c751e8b465ee728b)
Start importing Assets/EffectCore/packs/StylizedProjectilePack1/prefabs/Laser/Laser_Green/Laser_Big_Green/Laser_Green_Big_MuzzleFlare.prefab using Guid(089935eb399f7b14d887ca8e260e8ffc) Importer(815301076,1909f56bfc062723c751e8b465ee728b)  -> (artifact id: '554a5d3dcb7cc3135b9be77a01c1496e') in 0.010566 seconds
Number of updated asset objects reloaded before import = 0
Number of asset objects unloaded after import = 27
========================================================================
Received Import Request.
  Time since last request: 0.000017 seconds.
  path: Assets/EffectCore/packs/StylizedProjectilePack1/prefabs/Laser/Laser_Green/Laser_Medium_Green/Laser_Green_Medium_Impact.prefab
  artifactKey: Guid(51ddf308915f04d4e9d2ac79df29d09a) Importer(815301076,1909f56bfc062723c751e8b465ee728b)
Start importing Assets/EffectCore/packs/StylizedProjectilePack1/prefabs/Laser/Laser_Green/Laser_Medium_Green/Laser_Green_Medium_Impact.prefab using Guid(51ddf308915f04d4e9d2ac79df29d09a) Importer(815301076,1909f56bfc062723c751e8b465ee728b)  -> (artifact id: 'f410c95fc09de8f99f219a701dd92744') in 0.018323 seconds
Number of updated asset objects reloaded before import = 0
Number of asset objects unloaded after import = 56
Editor requested this worker to shutdown with reason: Scaling down because of idle timeout
TcpMessagingSession - receive error: operation aborted. errorcode: 995, details: The I/O operation has been aborted because of either a thread exit or an application request.
AssetImportWorker is now disconnected from the server
Process exiting
Exiting without the bug reporter. Application will terminate with return code 0