Using pre-set license
Built from '2022.3/staging' branch; Version is '2022.3.21f1 (bf09ca542b87) revision 12519882'; Using compiler version '192829333'; Build Type 'Release'
OS: 'Windows 10  (10.0.19045) 64bit Core' Language: 'en' Physical Memory: 16305 MB
BatchMode: 1, IsHumanControllingUs: 0, StartBugReporterOnCrash: 0, Is64bit: 1, IsPro: 1

COMMAND LINE ARGUMENTS:
C:\Program Files\Unity\Hub\Editor\2022.3.21f1\Editor\Unity.exe
-adb2
-batchMode
-noUpm
-name
AssetImportWorker0
-projectPath
C:/Users/shiny/3D Game
-logFile
Logs/AssetImportWorker0.log
-srvPort
54281
Successfully changed project path to: C:/Users/shiny/3D Game
C:/Users/shiny/3D Game
[UnityMemory] Configuration Parameters - Can be set up in boot.config
    "memorysetup-bucket-allocator-granularity=16"
    "memorysetup-bucket-allocator-bucket-count=8"
    "memorysetup-bucket-allocator-block-size=33554432"
    "memorysetup-bucket-allocator-block-count=8"
    "memorysetup-main-allocator-block-size=16777216"
    "memorysetup-thread-allocator-block-size=16777216"
    "memorysetup-gfx-main-allocator-block-size=16777216"
    "memorysetup-gfx-thread-allocator-block-size=16777216"
    "memorysetup-cache-allocator-block-size=4194304"
    "memorysetup-typetree-allocator-block-size=2097152"
    "memorysetup-profiler-bucket-allocator-granularity=16"
    "memorysetup-profiler-bucket-allocator-bucket-count=8"
    "memorysetup-profiler-bucket-allocator-block-size=33554432"
    "memorysetup-profiler-bucket-allocator-block-count=8"
    "memorysetup-profiler-allocator-block-size=16777216"
    "memorysetup-profiler-editor-allocator-block-size=1048576"
    "memorysetup-temp-allocator-size-main=16777216"
    "memorysetup-job-temp-allocator-block-size=2097152"
    "memorysetup-job-temp-allocator-block-size-background=1048576"
    "memorysetup-job-temp-allocator-reduction-small-platforms=262144"
    "memorysetup-allocator-temp-initial-block-size-main=262144"
    "memorysetup-allocator-temp-initial-block-size-worker=262144"
    "memorysetup-temp-allocator-size-background-worker=32768"
    "memorysetup-temp-allocator-size-job-worker=262144"
    "memorysetup-temp-allocator-size-preload-manager=33554432"
    "memorysetup-temp-allocator-size-nav-mesh-worker=65536"
    "memorysetup-temp-allocator-size-audio-worker=65536"
    "memorysetup-temp-allocator-size-cloud-worker=32768"
    "memorysetup-temp-allocator-size-gi-baking-worker=262144"
    "memorysetup-temp-allocator-size-gfx=262144"
Player connection [33992] Host "[IP] 172.16.1.144 [Port] 0 [Flags] 2 [Guid] 2425307170 [EditorId] 2425307170 [Version] 1048832 [Id] WindowsEditor(7,DESKTOP-EPHL3LP) [Debug] 1 [PackageName] WindowsEditor [ProjectName] Editor" joined multi-casting on [225.0.0.222:54997]...

Player connection [33992] Host "[IP] 172.16.1.144 [Port] 0 [Flags] 2 [Guid] 2425307170 [EditorId] 2425307170 [Version] 1048832 [Id] WindowsEditor(7,DESKTOP-EPHL3LP) [Debug] 1 [PackageName] WindowsEditor [ProjectName] Editor" joined alternative multi-casting on [225.0.0.222:34997]...

[Physics::Module] Initialized MultithreadedJobDispatcher with 11 workers.
Refreshing native plugins compatible for Editor in 12.97 ms, found 3 plugins.
Preloading 0 native plugins for Editor in 0.00 ms.
Initialize engine version: 2022.3.21f1 (bf09ca542b87)
[Subsystems] Discovering subsystems at path C:/Program Files/Unity/Hub/Editor/2022.3.21f1/Editor/Data/Resources/UnitySubsystems
[Subsystems] Discovering subsystems at path C:/Users/shiny/3D Game/Assets
GfxDevice: creating device client; threaded=0; jobified=0
Direct3D:
    Version:  Direct3D 11.0 [level 11.1]
    Renderer: NVIDIA GeForce RTX 3060 Ti (ID=0x2489)
    Vendor:   NVIDIA
    VRAM:     8024 MB
    Driver:   31.0.15.5212
Initialize mono
Mono path[0] = 'C:/Program Files/Unity/Hub/Editor/2022.3.21f1/Editor/Data/Managed'
Mono path[1] = 'C:/Program Files/Unity/Hub/Editor/2022.3.21f1/Editor/Data/MonoBleedingEdge/lib/mono/unityjit-win32'
Mono config path = 'C:/Program Files/Unity/Hub/Editor/2022.3.21f1/Editor/Data/MonoBleedingEdge/etc'
Using monoOptions --debugger-agent=transport=dt_socket,embedding=1,server=y,suspend=n,address=127.0.0.1:56996
Begin MonoManager ReloadAssembly
Registering precompiled unity dll's ...
Register platform support module: C:/Program Files/Unity/Hub/Editor/2022.3.21f1/Editor/Data/PlaybackEngines/WebGLSupport/UnityEditor.WebGL.Extensions.dll
Register platform support module: C:/Program Files/Unity/Hub/Editor/2022.3.21f1/Editor/Data/PlaybackEngines/WindowsStandaloneSupport/UnityEditor.WindowsStandalone.Extensions.dll
Registered in 0.014452 seconds.
- Loaded All Assemblies, in  0.396 seconds
Native extension for WindowsStandalone target not found
Native extension for WebGL target not found
Mono: successfully reloaded assembly
- Finished resetting the current domain, in  0.289 seconds
Domain Reload Profiling: 683ms
	BeginReloadAssembly (119ms)
		ExecutionOrderSort (0ms)
		DisableScriptedObjects (0ms)
		BackupInstance (0ms)
		ReleaseScriptingObjects (0ms)
		CreateAndSetChildDomain (1ms)
	RebuildCommonClasses (36ms)
	RebuildNativeTypeToScriptingClass (11ms)
	initialDomainReloadingComplete (70ms)
	LoadAllAssembliesAndSetupDomain (157ms)
		LoadAssemblies (116ms)
		RebuildTransferFunctionScriptingTraits (0ms)
		AnalyzeDomain (155ms)
			TypeCache.Refresh (153ms)
				TypeCache.ScanAssembly (138ms)
			ScanForSourceGeneratedMonoScriptInfo (0ms)
			ResolveRequiredComponents (1ms)
	FinalizeReload (289ms)
		ReleaseScriptCaches (0ms)
		RebuildScriptCaches (0ms)
		SetupLoadedEditorAssemblies (227ms)
			LogAssemblyErrors (0ms)
			InitializePlatformSupportModulesInManaged (13ms)
			SetLoadedEditorAssemblies (6ms)
			RefreshPlugins (0ms)
			BeforeProcessingInitializeOnLoad (2ms)
			ProcessInitializeOnLoadAttributes (155ms)
			ProcessInitializeOnLoadMethodAttributes (51ms)
			AfterProcessingInitializeOnLoad (0ms)
			EditorAssembliesLoaded (0ms)
		ExecutionOrderSort2 (0ms)
		AwakeInstancesAfterBackupRestoration (0ms)
========================================================================
Worker process is ready to serve import requests
Begin MonoManager ReloadAssembly
- Loaded All Assemblies, in  0.905 seconds
Refreshing native plugins compatible for Editor in 4.61 ms, found 3 plugins.
Native extension for WindowsStandalone target not found
Native extension for WebGL target not found
Package Manager log level set to [2]
[Package Manager] Server::EnsureServerProcessIsRunning -- launch failed, reason: Unity was launched with the -noUpm command-line argument
[Package Manager] UpmClient::Send -- Unable to send message (not connected to UPM process).
[Package Manager] Cannot connect to Unity Package Manager local server
Mono: successfully reloaded assembly
- Finished resetting the current domain, in  0.861 seconds
Domain Reload Profiling: 1762ms
	BeginReloadAssembly (179ms)
		ExecutionOrderSort (0ms)
		DisableScriptedObjects (6ms)
		BackupInstance (0ms)
		ReleaseScriptingObjects (0ms)
		CreateAndSetChildDomain (24ms)
	RebuildCommonClasses (42ms)
	RebuildNativeTypeToScriptingClass (14ms)
	initialDomainReloadingComplete (51ms)
	LoadAllAssembliesAndSetupDomain (615ms)
		LoadAssemblies (406ms)
		RebuildTransferFunctionScriptingTraits (0ms)
		AnalyzeDomain (318ms)
			TypeCache.Refresh (296ms)
				TypeCache.ScanAssembly (278ms)
			ScanForSourceGeneratedMonoScriptInfo (16ms)
			ResolveRequiredComponents (4ms)
	FinalizeReload (862ms)
		ReleaseScriptCaches (0ms)
		RebuildScriptCaches (0ms)
		SetupLoadedEditorAssemblies (691ms)
			LogAssemblyErrors (0ms)
			InitializePlatformSupportModulesInManaged (13ms)
			SetLoadedEditorAssemblies (4ms)
			RefreshPlugins (0ms)
			BeforeProcessingInitializeOnLoad (74ms)
			ProcessInitializeOnLoadAttributes (562ms)
			ProcessInitializeOnLoadMethodAttributes (27ms)
			AfterProcessingInitializeOnLoad (12ms)
			EditorAssembliesLoaded (0ms)
		ExecutionOrderSort2 (0ms)
		AwakeInstancesAfterBackupRestoration (6ms)
Launched and connected shader compiler UnityShaderCompiler.exe after 0.07 seconds
Refreshing native plugins compatible for Editor in 4.72 ms, found 3 plugins.
Preloading 0 native plugins for Editor in 0.00 ms.
Unloading 3093 Unused Serialized files (Serialized files now loaded: 0)
Unloading 32 unused Assets / (57.0 KB). Loaded Objects now: 3554.
Memory consumption went from 121.1 MB to 121.1 MB.
Total: 3.778100 ms (FindLiveObjects: 0.433100 ms CreateObjectMapping: 0.367100 ms MarkObjects: 2.870000 ms  DeleteObjects: 0.106700 ms)

AssetImportParameters requested are different than current active one (requested -> active):
  custom:container-demuxer-ogg: 62fdf1f143b41e24485cea50d1cbac27 -> 
  custom:video-decoder-ogg-theora: a1e56fd34408186e4bbccfd4996cb3dc -> 
  custom:framework-win-MediaFoundation: 216162199b28c13a410421893ffa2e32 -> 
  custom:CustomObjectIndexerAttribute: 9a22284fe3817be447336de3de66b15e -> 
  custom:container-demuxer-webm: 4f35f7cbe854078d1ac9338744f61a02 -> 
  custom:container-muxer-webm: aa71ff27fc2769a1b78a27578f13a17b -> 
  custom:video-decoder-webm-vp8: 9c59270c3fd7afecdb556c50c9e8de78 -> 
  custom:SearchIndexIgnoredProperties: e643bd26f0fe6173181afceb89e7c659 -> 
  custom:AudioImporter_EditorPlatform: d09bf68614088b80899f8185d706f6e7 -> 
  custom:video-encoder-webm-vp8: eb34c28f22e8b96e1ab97ce403110664 -> 
  custom:audio-decoder-ogg-vorbis: bf7c407c2cedff20999df2af8eb42d56 -> 
  custom:audio-encoder-webm-vorbis: bf7c407c2cedff20999df2af8eb42d56 -> 
========================================================================
Received Import Request.
  Time since last request: 1716037.525602 seconds.
  path: Assets/Starfield Skybox/Demo/Textures/Left_Tex.png
  artifactKey: Guid(80f1020b68f9b794994187bf41ba9d21) Importer(815301076,1909f56bfc062723c751e8b465ee728b)
Start importing Assets/Starfield Skybox/Demo/Textures/Left_Tex.png using Guid(80f1020b68f9b794994187bf41ba9d21) Importer(815301076,1909f56bfc062723c751e8b465ee728b)  -> (artifact id: '779ec020f3421f1a2ab3be1ead0a3edb') in 0.143867 seconds
Number of updated asset objects reloaded before import = 0
Number of asset objects unloaded after import = 2
========================================================================
Received Import Request.
  Time since last request: 0.000056 seconds.
  path: Assets/Starfield Skybox/Demo/Textures/Back_Tex.png
  artifactKey: Guid(b692a498a0379a341872703d288b04af) Importer(815301076,1909f56bfc062723c751e8b465ee728b)
Start importing Assets/Starfield Skybox/Demo/Textures/Back_Tex.png using Guid(b692a498a0379a341872703d288b04af) Importer(815301076,1909f56bfc062723c751e8b465ee728b)  -> (artifact id: '0f9c9fd7dc72dfdb7e27de576416bf93') in 0.045515 seconds
Number of updated asset objects reloaded before import = 0
Number of asset objects unloaded after import = 2
========================================================================
Received Import Request.
  Time since last request: 0.000027 seconds.
  path: Assets/Starfield Skybox
  artifactKey: Guid(86cb3ad0b91324c438c4aa828bfd8e1c) Importer(815301076,1909f56bfc062723c751e8b465ee728b)
Start importing Assets/Starfield Skybox using Guid(86cb3ad0b91324c438c4aa828bfd8e1c) Importer(815301076,1909f56bfc062723c751e8b465ee728b)  -> (artifact id: 'e03902b7d9d940a03dd795794883e7fd') in 0.000918 seconds
Number of updated asset objects reloaded before import = 0
Number of asset objects unloaded after import = 0
========================================================================
Received Import Request.
  Time since last request: 0.000022 seconds.
  path: Assets/Starfield Skybox/Demo/Textures/Right_Tex.png
  artifactKey: Guid(411c36f0804e8c248a3f6470ca50cd85) Importer(815301076,1909f56bfc062723c751e8b465ee728b)
Start importing Assets/Starfield Skybox/Demo/Textures/Right_Tex.png using Guid(411c36f0804e8c248a3f6470ca50cd85) Importer(815301076,1909f56bfc062723c751e8b465ee728b)  -> (artifact id: '197c7de1eacf5e459dc9d6d74eb5bc5d') in 0.038364 seconds
Number of updated asset objects reloaded before import = 0
Number of asset objects unloaded after import = 2
========================================================================
Received Import Request.
  Time since last request: 0.000018 seconds.
  path: Assets/Starfield Skybox/Demo/Textures/Front_Tex.png
  artifactKey: Guid(a5e005e6ff4298340b2ff009a5991908) Importer(815301076,1909f56bfc062723c751e8b465ee728b)
Start importing Assets/Starfield Skybox/Demo/Textures/Front_Tex.png using Guid(a5e005e6ff4298340b2ff009a5991908) Importer(815301076,1909f56bfc062723c751e8b465ee728b)  -> (artifact id: '3c3e045a7203ed56a3b3fcc9dc4ca865') in 0.033888 seconds
Number of updated asset objects reloaded before import = 0
Number of asset objects unloaded after import = 2
========================================================================
Received Import Request.
  Time since last request: 0.000022 seconds.
  path: Assets/Starfield Skybox/Demo/Textures/Up_Tex.png
  artifactKey: Guid(8313f24c5bda59240aabef5e6c46f9a5) Importer(815301076,1909f56bfc062723c751e8b465ee728b)
Start importing Assets/Starfield Skybox/Demo/Textures/Up_Tex.png using Guid(8313f24c5bda59240aabef5e6c46f9a5) Importer(815301076,1909f56bfc062723c751e8b465ee728b)  -> (artifact id: '013f294169b87216837d2f1986f89005') in 0.033630 seconds
Number of updated asset objects reloaded before import = 0
Number of asset objects unloaded after import = 2
========================================================================
Received Import Request.
  Time since last request: 0.000037 seconds.
  path: Assets/Starfield Skybox/Demo/Textures/Down_Tex.png
  artifactKey: Guid(a3b2b45ab4da8b343ad09a56207d3910) Importer(815301076,1909f56bfc062723c751e8b465ee728b)
Start importing Assets/Starfield Skybox/Demo/Textures/Down_Tex.png using Guid(a3b2b45ab4da8b343ad09a56207d3910) Importer(815301076,1909f56bfc062723c751e8b465ee728b)  -> (artifact id: 'f0def8cb58b685cbf99ec31006fdc7f3') in 0.034134 seconds
Number of updated asset objects reloaded before import = 0
Number of asset objects unloaded after import = 2
========================================================================
Received Import Request.
  Time since last request: 895.883257 seconds.
  path: Assets/Spaceship/Prefab
  artifactKey: Guid(06de17af929842846af4359308f1ca49) Importer(815301076,1909f56bfc062723c751e8b465ee728b)
Start importing Assets/Spaceship/Prefab using Guid(06de17af929842846af4359308f1ca49) Importer(815301076,1909f56bfc062723c751e8b465ee728b)  -> (artifact id: 'c2fed9f99ed1063329c7952b5f2d108e') in 0.000798 seconds
Number of updated asset objects reloaded before import = 0
Number of asset objects unloaded after import = 0
========================================================================
Received Import Request.
  Time since last request: 0.079137 seconds.
  path: Assets/Spaceship/Prefab/Spaceship.prefab
  artifactKey: Guid(afa34a8748c82294d8c76c0493fcdd59) Importer(815301076,1909f56bfc062723c751e8b465ee728b)
Start importing Assets/Spaceship/Prefab/Spaceship.prefab using Guid(afa34a8748c82294d8c76c0493fcdd59) Importer(815301076,1909f56bfc062723c751e8b465ee728b)  -> (artifact id: '26ef92e0df54edca2e6fd865290689f9') in 0.210561 seconds
Number of updated asset objects reloaded before import = 0
Number of asset objects unloaded after import = 16
========================================================================
Received Import Request.
  Time since last request: 26.041574 seconds.
  path: Assets/Space Rocket/Prefabs
  artifactKey: Guid(a3b2cdf8f79107840bced53ec44b8f03) Importer(815301076,1909f56bfc062723c751e8b465ee728b)
Start importing Assets/Space Rocket/Prefabs using Guid(a3b2cdf8f79107840bced53ec44b8f03) Importer(815301076,1909f56bfc062723c751e8b465ee728b)  -> (artifact id: '7f96ab311cb6ca7bd683417214b80308') in 0.000682 seconds
Number of updated asset objects reloaded before import = 0
Number of asset objects unloaded after import = 0
========================================================================
Received Import Request.
  Time since last request: 0.788771 seconds.
  path: Assets/Space Rocket/Prefabs/Rocket_1.prefab
  artifactKey: Guid(2620c9e811c81c84a9ed028dc7d29dc3) Importer(815301076,1909f56bfc062723c751e8b465ee728b)
Start importing Assets/Space Rocket/Prefabs/Rocket_1.prefab using Guid(2620c9e811c81c84a9ed028dc7d29dc3) Importer(815301076,1909f56bfc062723c751e8b465ee728b)  -> (artifact id: '37f4677b815722b8eac4d44fdd60806d') in 0.280770 seconds
Number of updated asset objects reloaded before import = 0
Number of asset objects unloaded after import = 20
========================================================================
Received Import Request.
  Time since last request: 0.000020 seconds.
  path: Assets/Space Rocket/Prefabs/Rocket_2_Obj.prefab
  artifactKey: Guid(37479d23dffccf34c837ca9f44dd666a) Importer(815301076,1909f56bfc062723c751e8b465ee728b)
Start importing Assets/Space Rocket/Prefabs/Rocket_2_Obj.prefab using Guid(37479d23dffccf34c837ca9f44dd666a) Importer(815301076,1909f56bfc062723c751e8b465ee728b)  -> (artifact id: 'b2845c5ae68a07fab510f391f1645ba1') in 0.034790 seconds
Number of updated asset objects reloaded before import = 0
Number of asset objects unloaded after import = 25
========================================================================
Received Import Request.
  Time since last request: 11.544147 seconds.
  path: Assets/MisoStudioSpaceships/Prefabs
  artifactKey: Guid(2d2e654ddf4a04bd4b76bf4d012bd590) Importer(815301076,1909f56bfc062723c751e8b465ee728b)
Start importing Assets/MisoStudioSpaceships/Prefabs using Guid(2d2e654ddf4a04bd4b76bf4d012bd590) Importer(815301076,1909f56bfc062723c751e8b465ee728b)  -> (artifact id: 'ccd14331788f542af338c6e28f7a376f') in 0.000566 seconds
Number of updated asset objects reloaded before import = 0
Number of asset objects unloaded after import = 0
========================================================================
Received Import Request.
  Time since last request: 0.045738 seconds.
  path: Assets/MisoStudioSpaceships/Prefabs/BlueBull.prefab
  artifactKey: Guid(73b09e5094ff94fddac6945d623c08af) Importer(815301076,1909f56bfc062723c751e8b465ee728b)
Start importing Assets/MisoStudioSpaceships/Prefabs/BlueBull.prefab using Guid(73b09e5094ff94fddac6945d623c08af) Importer(815301076,1909f56bfc062723c751e8b465ee728b)  -> (artifact id: 'fda36b4a21809b1c4ae0586cca2341fc') in 0.181481 seconds
Number of updated asset objects reloaded before import = 0
Number of asset objects unloaded after import = 12
========================================================================
Received Import Request.
  Time since last request: 0.000022 seconds.
  path: Assets/MisoStudioSpaceships/Prefabs/Rocker.prefab
  artifactKey: Guid(ef6ab94c04502497498daa16165ee0bd) Importer(815301076,1909f56bfc062723c751e8b465ee728b)
Start importing Assets/MisoStudioSpaceships/Prefabs/Rocker.prefab using Guid(ef6ab94c04502497498daa16165ee0bd) Importer(815301076,1909f56bfc062723c751e8b465ee728b)  -> (artifact id: '2f982d1720ef971c6845aa2d62661e16') in 0.018859 seconds
Number of updated asset objects reloaded before import = 0
Number of asset objects unloaded after import = 12
========================================================================
Received Import Request.
  Time since last request: 0.000027 seconds.
  path: Assets/MisoStudioSpaceships/Prefabs/PrototypeZero.prefab
  artifactKey: Guid(7049a336c6ee74a32984d27e6d9faeca) Importer(815301076,1909f56bfc062723c751e8b465ee728b)
Start importing Assets/MisoStudioSpaceships/Prefabs/PrototypeZero.prefab using Guid(7049a336c6ee74a32984d27e6d9faeca) Importer(815301076,1909f56bfc062723c751e8b465ee728b)  -> (artifact id: '3061e281e1c212a47bf5233e693ff220') in 0.020103 seconds
Number of updated asset objects reloaded before import = 0
Number of asset objects unloaded after import = 22
========================================================================
Received Import Request.
  Time since last request: 0.000021 seconds.
  path: Assets/MisoStudioSpaceships/Prefabs/Tanker.prefab
  artifactKey: Guid(c7bd5c71ab13c41359305dc1af814468) Importer(815301076,1909f56bfc062723c751e8b465ee728b)
Start importing Assets/MisoStudioSpaceships/Prefabs/Tanker.prefab using Guid(c7bd5c71ab13c41359305dc1af814468) Importer(815301076,1909f56bfc062723c751e8b465ee728b)  -> (artifact id: 'c6712d0c21a35ecb183c1d429e56ee7c') in 0.013915 seconds
Number of updated asset objects reloaded before import = 0
Number of asset objects unloaded after import = 12
Editor requested this worker to shutdown with reason: Scaling down because of idle timeout
TcpMessagingSession - receive error: operation aborted. errorcode: 995, details: The I/O operation has been aborted because of either a thread exit or an application request.
AssetImportWorker is now disconnected from the server
Process exiting
Exiting without the bug reporter. Application will terminate with return code 0